<?xml version="1.0" encoding="UTF-8"?>
<!-- Generated by org.testng.reporters.JUnitXMLReporter -->
<testsuite ignored="0" hostname="RraghavVohra09" failures="2" tests="11" name="Social Auto Post Tests" time="547.115" errors="0" timestamp="2026-04-04T18:53:05 IST">
  <testcase classname="tests.SocialAutoPostTest" name="test_TC_PN_01_whenPostedWithPngImageWithCobranding" time="51.803"/>
  <testcase classname="tests.SocialAutoPostTest" name="test_TC_PN_02_whenPostedWithJpgImageWithCobranding" time="42.135"/>
  <testcase classname="tests.SocialAutoPostTest" name="test_TC_PN_03_whenPostedWithVideo" time="71.77"/>
  <testcase classname="tests.SocialAutoPostTest" name="test_TC_PN_04_whenPostedWithSpecialCharacterInTitleAndDescription" time="41.364"/>
  <testcase classname="tests.SocialAutoPostTest" name="test_TC_PN_05_whenPostedOnAllSocialMediaWithCustomUrl" time="46.799">
    <skipped/>
  </testcase> <!-- test_TC_PN_05_whenPostedOnAllSocialMediaWithCustomUrl -->
  <testcase classname="tests.SocialAutoPostTest" name="test_TC_PN_05_whenPostedOnAllSocialMediaWithCustomUrl" time="51.365">
    <skipped/>
  </testcase> <!-- test_TC_PN_05_whenPostedOnAllSocialMediaWithCustomUrl -->
  <testcase classname="tests.SocialAutoPostTest" name="test_TC_PN_05_whenPostedOnAllSocialMediaWithCustomUrl" time="47.02">
    <failure type="org.openqa.selenium.TimeoutException" message="Expected condition failed: waiting for element to be clickable: By.xpath: //input[@type=&amp;apos;radio&amp;apos; and @id=&amp;apos;C&amp;apos;] (tried for 20 second(s) with 500 milliseconds interval)
Build info: version: &amp;apos;4.27.0&amp;apos;, revision: &amp;apos;d6e718d134&amp;apos;
System info: os.name: &amp;apos;Windows 10&amp;apos;, os.arch: &amp;apos;amd64&amp;apos;, os.version: &amp;apos;10.0&amp;apos;, java.version: &amp;apos;23.0.2&amp;apos;
Driver info: org.openqa.selenium.chrome.ChromeDriver
Capabilities {acceptInsecureCerts: false, browserName: chrome, browserVersion: 146.0.7680.178, chrome: {chromedriverVersion: 146.0.7638.0 (9901d838e058d..., userDataDir: C:\Users\admin\AppData\Loca...}, fedcm:accounts: true, goog:chromeOptions: {debuggerAddress: localhost:57487}, goog:processID: 12692, networkConnectionEnabled: false, pageLoadStrategy: normal, platformName: windows, proxy: Proxy(), se:cdp: ws://localhost:57487/devtoo..., se:cdpVersion: 146.0.7680.178, setWindowRect: true, strictFileInteractability: false, timeouts: {implicit: 0, pageLoad: 300000, script: 30000}, unhandledPromptBehavior: dismiss and notify, webauthn:extension:credBlob: true, webauthn:extension:largeBlob: true, webauthn:extension:minPinLength: true, webauthn:extension:prf: true, webauthn:virtualAuthenticators: true}
Session ID: 24a36fa22d6f594e8a2fe05c27ba95eb">
      <![CDATA[org.openqa.selenium.TimeoutException: Expected condition failed: waiting for element to be clickable: By.xpath: //input[@type='radio' and @id='C'] (tried for 20 second(s) with 500 milliseconds interval)
Build info: version: '4.27.0', revision: 'd6e718d134'
System info: os.name: 'Windows 10', os.arch: 'amd64', os.version: '10.0', java.version: '23.0.2'
Driver info: org.openqa.selenium.chrome.ChromeDriver
Capabilities {acceptInsecureCerts: false, browserName: chrome, browserVersion: 146.0.7680.178, chrome: {chromedriverVersion: 146.0.7638.0 (9901d838e058d..., userDataDir: C:\Users\admin\AppData\Loca...}, fedcm:accounts: true, goog:chromeOptions: {debuggerAddress: localhost:57487}, goog:processID: 12692, networkConnectionEnabled: false, pageLoadStrategy: normal, platformName: windows, proxy: Proxy(), se:cdp: ws://localhost:57487/devtoo..., se:cdpVersion: 146.0.7680.178, setWindowRect: true, strictFileInteractability: false, timeouts: {implicit: 0, pageLoad: 300000, script: 30000}, unhandledPromptBehavior: dismiss and notify, webauthn:extension:credBlob: true, webauthn:extension:largeBlob: true, webauthn:extension:minPinLength: true, webauthn:extension:prf: true, webauthn:virtualAuthenticators: true}
Session ID: 24a36fa22d6f594e8a2fe05c27ba95eb
at org.openqa.selenium.support.ui.WebDriverWait.timeoutException(WebDriverWait.java:84)
at org.openqa.selenium.support.ui.FluentWait.until(FluentWait.java:228)
at pageObjects.SocialAutoPostPage.clickOnCustomURLRadioButton(SocialAutoPostPage.java:110)
at tests.SocialAutoPostTest.test_TC_PN_05_whenPostedOnAllSocialMediaWithCustomUrl(SocialAutoPostTest.java:386)
at java.base/java.util.ArrayList.forEach(ArrayList.java:1597)
... Removed 25 stack frames]]>
    </failure>
  </testcase> <!-- test_TC_PN_05_whenPostedOnAllSocialMediaWithCustomUrl -->
  <testcase classname="tests.SocialAutoPostTest" name="test_TC_PN_06_whenPostedOnAllSocialMediaWithNoneOption" time="58.161">
    <skipped/>
  </testcase> <!-- test_TC_PN_06_whenPostedOnAllSocialMediaWithNoneOption -->
  <testcase classname="tests.SocialAutoPostTest" name="test_TC_PN_06_whenPostedOnAllSocialMediaWithNoneOption" time="44.666">
    <skipped/>
  </testcase> <!-- test_TC_PN_06_whenPostedOnAllSocialMediaWithNoneOption -->
  <testcase classname="tests.SocialAutoPostTest" name="test_TC_PN_06_whenPostedOnAllSocialMediaWithNoneOption" time="47.882">
    <failure type="org.openqa.selenium.TimeoutException" message="Expected condition failed: waiting for element to be clickable: By.xpath: //input[@type=&amp;apos;radio&amp;apos; and @id=&amp;apos;N&amp;apos;] (tried for 20 second(s) with 500 milliseconds interval)
Build info: version: &amp;apos;4.27.0&amp;apos;, revision: &amp;apos;d6e718d134&amp;apos;
System info: os.name: &amp;apos;Windows 10&amp;apos;, os.arch: &amp;apos;amd64&amp;apos;, os.version: &amp;apos;10.0&amp;apos;, java.version: &amp;apos;23.0.2&amp;apos;
Driver info: org.openqa.selenium.chrome.ChromeDriver
Capabilities {acceptInsecureCerts: false, browserName: chrome, browserVersion: 146.0.7680.178, chrome: {chromedriverVersion: 146.0.7638.0 (9901d838e058d..., userDataDir: C:\Users\admin\AppData\Loca...}, fedcm:accounts: true, goog:chromeOptions: {debuggerAddress: localhost:57702}, goog:processID: 12012, networkConnectionEnabled: false, pageLoadStrategy: normal, platformName: windows, proxy: Proxy(), se:cdp: ws://localhost:57702/devtoo..., se:cdpVersion: 146.0.7680.178, setWindowRect: true, strictFileInteractability: false, timeouts: {implicit: 0, pageLoad: 300000, script: 30000}, unhandledPromptBehavior: dismiss and notify, webauthn:extension:credBlob: true, webauthn:extension:largeBlob: true, webauthn:extension:minPinLength: true, webauthn:extension:prf: true, webauthn:virtualAuthenticators: true}
Session ID: a0dedb01fab9a8a969e54addb4020889">
      <![CDATA[org.openqa.selenium.TimeoutException: Expected condition failed: waiting for element to be clickable: By.xpath: //input[@type='radio' and @id='N'] (tried for 20 second(s) with 500 milliseconds interval)
Build info: version: '4.27.0', revision: 'd6e718d134'
System info: os.name: 'Windows 10', os.arch: 'amd64', os.version: '10.0', java.version: '23.0.2'
Driver info: org.openqa.selenium.chrome.ChromeDriver
Capabilities {acceptInsecureCerts: false, browserName: chrome, browserVersion: 146.0.7680.178, chrome: {chromedriverVersion: 146.0.7638.0 (9901d838e058d..., userDataDir: C:\Users\admin\AppData\Loca...}, fedcm:accounts: true, goog:chromeOptions: {debuggerAddress: localhost:57702}, goog:processID: 12012, networkConnectionEnabled: false, pageLoadStrategy: normal, platformName: windows, proxy: Proxy(), se:cdp: ws://localhost:57702/devtoo..., se:cdpVersion: 146.0.7680.178, setWindowRect: true, strictFileInteractability: false, timeouts: {implicit: 0, pageLoad: 300000, script: 30000}, unhandledPromptBehavior: dismiss and notify, webauthn:extension:credBlob: true, webauthn:extension:largeBlob: true, webauthn:extension:minPinLength: true, webauthn:extension:prf: true, webauthn:virtualAuthenticators: true}
Session ID: a0dedb01fab9a8a969e54addb4020889
at org.openqa.selenium.support.ui.WebDriverWait.timeoutException(WebDriverWait.java:84)
at org.openqa.selenium.support.ui.FluentWait.until(FluentWait.java:228)
at pageObjects.SocialAutoPostPage.clickOnNoneRadioButton(SocialAutoPostPage.java:328)
at tests.SocialAutoPostTest.test_TC_PN_06_whenPostedOnAllSocialMediaWithNoneOption(SocialAutoPostTest.java:469)
at java.base/java.util.ArrayList.forEach(ArrayList.java:1597)
... Removed 25 stack frames]]>
    </failure>
  </testcase> <!-- test_TC_PN_06_whenPostedOnAllSocialMediaWithNoneOption -->
  <testcase classname="tests.SocialAutoPostTest" name="test_TC_PN_07_whenPostedOnAllSocialMediaWithMicrositeURL" time="37.121"/>
</testsuite> <!-- Social Auto Post Tests -->
