<?xml version="1.0" encoding="UTF-8"?>
<!-- Generated by org.testng.reporters.JUnitXMLReporter -->
<testsuite ignored="0" hostname="DESKTOP-LRPJ512" failures="0" tests="3" name="Default test" time="89.742" errors="0" timestamp="2026-01-25T14:02:02 IST">
  <testcase classname="tests.DocumentLibrary" name="test_TC_DL_01_takenToDocumentLibraryScreen" time="27.641"/>
  <testcase classname="tests.DocumentLibrary" name="test_TC_DL_03_actionsMenuButton" time="29.233"/>
  <testcase classname="tests.DocumentLibrary" name="test_TC_DL_04_uploadDocumentScreen" time="31.235"/>
</testsuite> <!-- Default test -->
