<?xml version="1.0" encoding="UTF-8"?>
<!-- Generated by org.testng.reporters.JUnitXMLReporter -->
<testsuite ignored="22" hostname="DESKTOP-LRPJ512" failures="1" tests="2" name="Default test" time="153.739" errors="0" timestamp="2025-08-11T15:50:33 IST">
  <testcase classname="tests.DocumentLibrary" name="test_TC_DL_34_fillsAllTheFieldsWithHashtag" time="92.714"/>
  <testcase classname="tests.DocumentLibrary" name="test_TC_DL_41_updatingTheAccessOfTheContent" time="59.833">
    <failure type="org.openqa.selenium.ElementClickInterceptedException" message="element click intercepted: Element &amp;lt;i class=&amp;quot;fa fa-user-circle&amp;quot;&amp;gt;&amp;lt;/i&amp;gt; is not clickable at point (1168, 39). Other element would receive the click: &amp;lt;div class=&amp;quot;bootbox modal fade bootbox-alert show&amp;quot; tabindex=&amp;quot;-1&amp;quot; role=&amp;quot;dialog&amp;quot; aria-modal=&amp;quot;true&amp;quot; style=&amp;quot;padding-right: 15px; display: block;&amp;quot;&amp;gt;...&amp;lt;/div&amp;gt;
  (Session info: chrome=138.0.7204.184)
Build info: version: &amp;apos;4.27.0&amp;apos;, revision: &amp;apos;d6e718d134&amp;apos;
System info: os.name: &amp;apos;Windows 10&amp;apos;, os.arch: &amp;apos;amd64&amp;apos;, os.version: &amp;apos;10.0&amp;apos;, java.version: &amp;apos;23.0.2&amp;apos;
Driver info: org.openqa.selenium.chrome.ChromeDriver
Command: [acbefd3a4a0de1a83981a59bed94f226, clickElement {id=f.4F1C54150F850B501EE0A0E6A9E81669.d.3ABB34AE92A773DEFC133779C31E7083.e.366}]
Capabilities {acceptInsecureCerts: false, browserName: chrome, browserVersion: 138.0.7204.184, chrome: {chromedriverVersion: 137.0.7151.69 (0b41cf178df5..., userDataDir: C:\Users\admin\AppData\Loca...}, fedcm:accounts: true, goog:chromeOptions: {debuggerAddress: localhost:54483}, networkConnectionEnabled: false, pageLoadStrategy: normal, platformName: windows, proxy: Proxy(), se:cdp: ws://localhost:54483/devtoo..., se:cdpVersion: 138.0.7204.184, setWindowRect: true, strictFileInteractability: false, timeouts: {implicit: 0, pageLoad: 300000, script: 30000}, unhandledPromptBehavior: dismiss and notify, webauthn:extension:credBlob: true, webauthn:extension:largeBlob: true, webauthn:extension:minPinLength: true, webauthn:extension:prf: true, webauthn:virtualAuthenticators: true}
Element: [[ChromeDriver: chrome on windows (acbefd3a4a0de1a83981a59bed94f226)] -&amp;gt; xpath: //i[@class=&amp;apos;fa fa-user-circle&amp;apos;]]
Session ID: acbefd3a4a0de1a83981a59bed94f226">
      <![CDATA[org.openqa.selenium.ElementClickInterceptedException: element click intercepted: Element <i class="fa fa-user-circle"></i> is not clickable at point (1168, 39). Other element would receive the click: <div class="bootbox modal fade bootbox-alert show" tabindex="-1" role="dialog" aria-modal="true" style="padding-right: 15px; display: block;">...</div>
  (Session info: chrome=138.0.7204.184)
Build info: version: '4.27.0', revision: 'd6e718d134'
System info: os.name: 'Windows 10', os.arch: 'amd64', os.version: '10.0', java.version: '23.0.2'
Driver info: org.openqa.selenium.chrome.ChromeDriver
Command: [acbefd3a4a0de1a83981a59bed94f226, clickElement {id=f.4F1C54150F850B501EE0A0E6A9E81669.d.3ABB34AE92A773DEFC133779C31E7083.e.366}]
Capabilities {acceptInsecureCerts: false, browserName: chrome, browserVersion: 138.0.7204.184, chrome: {chromedriverVersion: 137.0.7151.69 (0b41cf178df5..., userDataDir: C:\Users\admin\AppData\Loca...}, fedcm:accounts: true, goog:chromeOptions: {debuggerAddress: localhost:54483}, networkConnectionEnabled: false, pageLoadStrategy: normal, platformName: windows, proxy: Proxy(), se:cdp: ws://localhost:54483/devtoo..., se:cdpVersion: 138.0.7204.184, setWindowRect: true, strictFileInteractability: false, timeouts: {implicit: 0, pageLoad: 300000, script: 30000}, unhandledPromptBehavior: dismiss and notify, webauthn:extension:credBlob: true, webauthn:extension:largeBlob: true, webauthn:extension:minPinLength: true, webauthn:extension:prf: true, webauthn:virtualAuthenticators: true}
Element: [[ChromeDriver: chrome on windows (acbefd3a4a0de1a83981a59bed94f226)] -> xpath: //i[@class='fa fa-user-circle']]
Session ID: acbefd3a4a0de1a83981a59bed94f226
at java.base/jdk.internal.reflect.DirectConstructorHandleAccessor.newInstance(DirectConstructorHandleAccessor.java:62)
at java.base/java.lang.reflect.Constructor.newInstanceWithCaller(Constructor.java:501)
at java.base/java.lang.reflect.Constructor.newInstance(Constructor.java:485)
at org.openqa.selenium.remote.ErrorCodec.decode(ErrorCodec.java:167)
at org.openqa.selenium.remote.codec.w3c.W3CHttpResponseCodec.decode(W3CHttpResponseCodec.java:138)
at org.openqa.selenium.remote.codec.w3c.W3CHttpResponseCodec.decode(W3CHttpResponseCodec.java:50)
at org.openqa.selenium.remote.HttpCommandExecutor.execute(HttpCommandExecutor.java:190)
at org.openqa.selenium.remote.service.DriverCommandExecutor.invokeExecute(DriverCommandExecutor.java:216)
at org.openqa.selenium.remote.service.DriverCommandExecutor.execute(DriverCommandExecutor.java:174)
at org.openqa.selenium.remote.RemoteWebDriver.execute(RemoteWebDriver.java:545)
at org.openqa.selenium.remote.RemoteWebElement.execute(RemoteWebElement.java:223)
at org.openqa.selenium.remote.RemoteWebElement.click(RemoteWebElement.java:76)
at pageObjects.DocumentLibraryPage.clickOnProfileIcon(DocumentLibraryPage.java:110)
at tests.DocumentLibrary.test_TC_DL_41_updatingTheAccessOfTheContent(DocumentLibrary.java:1327)
at java.base/jdk.internal.reflect.DirectMethodHandleAccessor.invoke(DirectMethodHandleAccessor.java:103)
at java.base/java.lang.reflect.Method.invoke(Method.java:580)
at org.testng.internal.invokers.MethodInvocationHelper.invokeMethod(MethodInvocationHelper.java:139)
at org.testng.internal.invokers.TestInvoker.invokeMethod(TestInvoker.java:664)
at org.testng.internal.invokers.TestInvoker.invokeTestMethod(TestInvoker.java:228)
at org.testng.internal.invokers.MethodRunner.runInSequence(MethodRunner.java:63)
at org.testng.internal.invokers.TestInvoker$MethodInvocationAgent.invoke(TestInvoker.java:961)
at org.testng.internal.invokers.TestInvoker.invokeTestMethods(TestInvoker.java:201)
at org.testng.internal.invokers.TestMethodWorker.invokeTestMethods(TestMethodWorker.java:148)
at org.testng.internal.invokers.TestMethodWorker.run(TestMethodWorker.java:128)
at java.base/java.util.ArrayList.forEach(ArrayList.java:1597)
at org.testng.TestRunner.privateRun(TestRunner.java:819)
at org.testng.TestRunner.run(TestRunner.java:619)
at org.testng.SuiteRunner.runTest(SuiteRunner.java:443)
at org.testng.SuiteRunner.runSequentially(SuiteRunner.java:437)
at org.testng.SuiteRunner.privateRun(SuiteRunner.java:397)
at org.testng.SuiteRunner.run(SuiteRunner.java:336)
at org.testng.SuiteRunnerWorker.runSuite(SuiteRunnerWorker.java:52)
at org.testng.SuiteRunnerWorker.run(SuiteRunnerWorker.java:95)
at org.testng.TestNG.runSuitesSequentially(TestNG.java:1301)
at org.testng.TestNG.runSuitesLocally(TestNG.java:1228)
at org.testng.TestNG.runSuites(TestNG.java:1134)
at org.testng.TestNG.run(TestNG.java:1101)
at org.testng.remote.AbstractRemoteTestNG.run(AbstractRemoteTestNG.java:115)
at org.testng.remote.RemoteTestNG.initAndRun(RemoteTestNG.java:293)
at org.testng.remote.RemoteTestNG.main(RemoteTestNG.java:91)
]]>
    </failure>
  </testcase> <!-- test_TC_DL_41_updatingTheAccessOfTheContent -->
  <testcase classname="tests.DocumentLibrary" name="test_TC_DL_37_searchFunctionality" time="0.0">
    <ignored/>
  </testcase> <!-- test_TC_DL_37_searchFunctionality -->
  <testcase classname="tests.DocumentLibrary" name="test_TC_DL_06_fillsNothingInAnyOfTheField" time="0.0">
    <ignored/>
  </testcase> <!-- test_TC_DL_06_fillsNothingInAnyOfTheField -->
  <testcase classname="tests.DocumentLibrary" name="test_TC_DL_17_allMandatoryFields" time="0.0">
    <ignored/>
  </testcase> <!-- test_TC_DL_17_allMandatoryFields -->
  <testcase classname="tests.DocumentLibrary" name="test_TC_DL_18_allMandatoryFieldsExceptDocumentName" time="0.0">
    <ignored/>
  </testcase> <!-- test_TC_DL_18_allMandatoryFieldsExceptDocumentName -->
  <testcase classname="tests.DocumentLibrary" name="test_TC_DL_28_fillsAllTheFieldsExceptDocumentOption" time="0.0">
    <ignored/>
  </testcase> <!-- test_TC_DL_28_fillsAllTheFieldsExceptDocumentOption -->
  <testcase classname="tests.DocumentLibrary" name="test_TC_DL_04_uploadDocumentScreen" time="0.0">
    <ignored/>
  </testcase> <!-- test_TC_DL_04_uploadDocumentScreen -->
  <testcase classname="tests.DocumentLibrary" name="test_TC_DL_22_1_UploadingDocumentInjpgFormat" time="0.0">
    <ignored/>
  </testcase> <!-- test_TC_DL_22_1_UploadingDocumentInjpgFormat -->
  <testcase classname="tests.DocumentLibrary" name="test_TC_DL_39_deleteTheContentAndSearchIt" time="0.0">
    <ignored/>
  </testcase> <!-- test_TC_DL_39_deleteTheContentAndSearchIt -->
  <testcase classname="tests.DocumentLibrary" name="test_TC_DL_22_UploadingDocumentInPngFormat" time="0.0">
    <ignored/>
  </testcase> <!-- test_TC_DL_22_UploadingDocumentInPngFormat -->
  <testcase classname="tests.DocumentLibrary" name="test_TC_DL_30_fillsAllTheMandatoryAndDocumentOptions" time="0.0">
    <ignored/>
  </testcase> <!-- test_TC_DL_30_fillsAllTheMandatoryAndDocumentOptions -->
  <testcase classname="tests.DocumentLibrary" name="test_TC_DL_32_fillsAllTheFieldsAndMakesDownloadable" time="0.0">
    <ignored/>
  </testcase> <!-- test_TC_DL_32_fillsAllTheFieldsAndMakesDownloadable -->
  <testcase classname="tests.DocumentLibrary" name="test_TC_DL_22_3_UploadingDocumentInXlsxFormat" time="0.0">
    <ignored/>
  </testcase> <!-- test_TC_DL_22_3_UploadingDocumentInXlsxFormat -->
  <testcase classname="tests.DocumentLibrary" name="test_TC_DL_22_4_UploadingDocumentInMp4Format" time="0.0">
    <ignored/>
  </testcase> <!-- test_TC_DL_22_4_UploadingDocumentInMp4Format -->
  <testcase classname="tests.DocumentLibrary" name="test_TC_DL_25_fillsAllMandatoryFieldsExceptDescription" time="0.0">
    <ignored/>
  </testcase> <!-- test_TC_DL_25_fillsAllMandatoryFieldsExceptDescription -->
  <testcase classname="tests.DocumentLibrary" name="test_TC_DL_22_6_UploadingJpgImageForThumbnail" time="0.0">
    <ignored/>
  </testcase> <!-- test_TC_DL_22_6_UploadingJpgImageForThumbnail -->
  <testcase classname="tests.DocumentLibrary" name="test_TC_DL_40_updatingTheAccessOfTheContent" time="0.0">
    <ignored/>
  </testcase> <!-- test_TC_DL_40_updatingTheAccessOfTheContent -->
  <testcase classname="tests.DocumentLibrary" name="test_TC_DL_38_clickDeleteWithoutSelectingAnyContent" time="0.0">
    <ignored/>
  </testcase> <!-- test_TC_DL_38_clickDeleteWithoutSelectingAnyContent -->
  <testcase classname="tests.DocumentLibrary" name="test_TC_DL_08_specialCharacterInNameAndFillingAllMandatoryFields" time="0.0">
    <ignored/>
  </testcase> <!-- test_TC_DL_08_specialCharacterInNameAndFillingAllMandatoryFields -->
  <testcase classname="tests.DocumentLibrary" name="test_TC_DL_03_actionsMenuButton" time="0.0">
    <ignored/>
  </testcase> <!-- test_TC_DL_03_actionsMenuButton -->
  <testcase classname="tests.DocumentLibrary" name="test_TC_DL_22_2_UploadingDocumentInCsvFormat" time="0.0">
    <ignored/>
  </testcase> <!-- test_TC_DL_22_2_UploadingDocumentInCsvFormat -->
  <testcase classname="tests.DocumentLibrary" name="test_TC_DL_22_5_UploadingGifImageForThumbnail" time="0.0">
    <ignored/>
  </testcase> <!-- test_TC_DL_22_5_UploadingGifImageForThumbnail -->
  <testcase classname="tests.DocumentLibrary" name="test_TC_DL_01_takenToDocumentLibraryScreen" time="0.0">
    <ignored/>
  </testcase> <!-- test_TC_DL_01_takenToDocumentLibraryScreen -->
</testsuite> <!-- Default test -->
