<?xml version="1.0" encoding="UTF-8"?>
<!-- Generated by org.testng.reporters.JUnitXMLReporter -->
<testsuite ignored="9" hostname="DESKTOP-LRPJ512" failures="0" tests="1" name="Default test" time="55.232" errors="0" timestamp="2025-04-27T10:49:15 IST">
  <testcase classname="tests.DocumentLibrary" name="test_TC_DL_22_3_UploadingDocumentInXlsxFormat" time="54.519"/>
  <testcase classname="tests.DocumentLibrary" name="test_TC_DL_18_allMandatoryFieldsExceptDocumentName" time="0.0">
    <ignored/>
  </testcase> <!-- test_TC_DL_18_allMandatoryFieldsExceptDocumentName -->
  <testcase classname="tests.DocumentLibrary" name="test_TC_DL_04_uploadDocumentScreen" time="0.0">
    <ignored/>
  </testcase> <!-- test_TC_DL_04_uploadDocumentScreen -->
  <testcase classname="tests.DocumentLibrary" name="test_TC_DL_22_1_UploadingDocumentInjpgFormat" time="0.0">
    <ignored/>
  </testcase> <!-- test_TC_DL_22_1_UploadingDocumentInjpgFormat -->
  <testcase classname="tests.DocumentLibrary" name="test_TC_DL_03_actionsMenuButton" time="0.0">
    <ignored/>
  </testcase> <!-- test_TC_DL_03_actionsMenuButton -->
  <testcase classname="tests.DocumentLibrary" name="test_TC_DL_17_allMandatoryFields" time="0.0">
    <ignored/>
  </testcase> <!-- test_TC_DL_17_allMandatoryFields -->
  <testcase classname="tests.DocumentLibrary" name="test_TC_DL_06_fillsNothingInAnyOfTheField" time="0.0">
    <ignored/>
  </testcase> <!-- test_TC_DL_06_fillsNothingInAnyOfTheField -->
  <testcase classname="tests.DocumentLibrary" name="test_TC_DL_22_2_UploadingDocumentInCsvFormat" time="0.0">
    <ignored/>
  </testcase> <!-- test_TC_DL_22_2_UploadingDocumentInCsvFormat -->
  <testcase classname="tests.DocumentLibrary" name="test_TC_DL_22_UploadingDocumentInPngFormat" time="0.0">
    <ignored/>
  </testcase> <!-- test_TC_DL_22_UploadingDocumentInPngFormat -->
  <testcase classname="tests.DocumentLibrary" name="test_TC_DL_01_takenToDocumentLibraryScreen" time="0.0">
    <ignored/>
  </testcase> <!-- test_TC_DL_01_takenToDocumentLibraryScreen -->
</testsuite> <!-- Default test -->
