<?xml version="1.0" encoding="UTF-8"?>
<!-- Generated by org.testng.reporters.JUnitXMLReporter -->
<testsuite ignored="30" hostname="DESKTOP-LRPJ512" failures="0" tests="1" name="Default test" time="42.574" errors="0" timestamp="2025-10-23T14:05:03 IST">
  <testcase classname="tests.Search" name="test_TC_SA_31_verifyDraftAndPublishedWithEmailQuickFilter" time="41.958"/>
  <testcase classname="tests.Search" name="test_TC_SA_28_verifyDraftAndPublishedWithBrochureQuickFilter" time="0.0">
    <ignored/>
  </testcase> <!-- test_TC_SA_28_verifyDraftAndPublishedWithBrochureQuickFilter -->
  <testcase classname="tests.Search" name="test_TC_SA_18_verifyDraftContentWithBookmarkedQuickFilter" time="0.0">
    <ignored/>
  </testcase> <!-- test_TC_SA_18_verifyDraftContentWithBookmarkedQuickFilter -->
  <testcase classname="tests.Search" name="test_TC_SA_19_verifyDraftContentWithMicrositeQuickFilter" time="0.0">
    <ignored/>
  </testcase> <!-- test_TC_SA_19_verifyDraftContentWithMicrositeQuickFilter -->
  <testcase classname="tests.Search" name="test_TC_SA_22_verifyDraftContentWithBannersQuickFilter" time="0.0">
    <ignored/>
  </testcase> <!-- test_TC_SA_22_verifyDraftContentWithBannersQuickFilter -->
  <testcase classname="tests.Search" name="test_TC_SA_07_verifyFilteringWithOnlyPublishedOptionWithoutSearching" time="0.0">
    <ignored/>
  </testcase> <!-- test_TC_SA_07_verifyFilteringWithOnlyPublishedOptionWithoutSearching -->
  <testcase classname="tests.Search" name="test_TC_SA_06_verifyFilteringWithOnlyDraftOptionWithoutSearching" time="0.0">
    <ignored/>
  </testcase> <!-- test_TC_SA_06_verifyFilteringWithOnlyDraftOptionWithoutSearching -->
  <testcase classname="tests.Search" name="test_TC_SA_20_verifyDraftContentWithVideoQuickFilter" time="0.0">
    <ignored/>
  </testcase> <!-- test_TC_SA_20_verifyDraftContentWithVideoQuickFilter -->
  <testcase classname="tests.Search" name="test_TC_SA_08_verifyFilteringWithBothPublishedAndDraftOptionsWithoutSearching" time="0.0">
    <ignored/>
  </testcase> <!-- test_TC_SA_08_verifyFilteringWithBothPublishedAndDraftOptionsWithoutSearching -->
  <testcase classname="tests.Search" name="test_TC_SA_04_verifyFilteringWithOnlyPublishedOption" time="0.0">
    <ignored/>
  </testcase> <!-- test_TC_SA_04_verifyFilteringWithOnlyPublishedOption -->
  <testcase classname="tests.Search" name="test_TC_SA_12_verifyPublishedContentWithVideoQuickFilter" time="0.0">
    <ignored/>
  </testcase> <!-- test_TC_SA_12_verifyPublishedContentWithVideoQuickFilter -->
  <testcase classname="tests.Search" name="test_TC_SA_13_verifyPublishedContentWithBrochureQuickFilter" time="0.0">
    <ignored/>
  </testcase> <!-- test_TC_SA_13_verifyPublishedContentWithBrochureQuickFilter -->
  <testcase classname="tests.Search" name="test_TC_SA_27_verifyDraftAndPublishedWithVideoQuickFilter" time="0.0">
    <ignored/>
  </testcase> <!-- test_TC_SA_27_verifyDraftAndPublishedWithVideoQuickFilter -->
  <testcase classname="tests.Search" name="test_TC_SA_23_verifyDraftContentWithSocialPostsQuickFilter" time="0.0">
    <ignored/>
  </testcase> <!-- test_TC_SA_23_verifyDraftContentWithSocialPostsQuickFilter -->
  <testcase classname="tests.Search" name="test_TC_SA_03_verifyFilteringWithOnlyDraftOption" time="0.0">
    <ignored/>
  </testcase> <!-- test_TC_SA_03_verifyFilteringWithOnlyDraftOption -->
  <testcase classname="tests.Search" name="test_TC_SA_21_verifyDraftContentWithBrochureQuickFilter" time="0.0">
    <ignored/>
  </testcase> <!-- test_TC_SA_21_verifyDraftContentWithBrochureQuickFilter -->
  <testcase classname="tests.Search" name="test_TC_SA_01_searchfunctionality" time="0.0">
    <ignored/>
  </testcase> <!-- test_TC_SA_01_searchfunctionality -->
  <testcase classname="tests.Search" name="test_TC_SA_24_verifyDraftContentWithEmailQuickFilter" time="0.0">
    <ignored/>
  </testcase> <!-- test_TC_SA_24_verifyDraftContentWithEmailQuickFilter -->
  <testcase classname="tests.Search" name="test_TC_SA_02_verifyalltheOptionsOfDropdowns" time="0.0">
    <ignored/>
  </testcase> <!-- test_TC_SA_02_verifyalltheOptionsOfDropdowns -->
  <testcase classname="tests.Search" name="test_TC_SA_14_verifyPublishedContentWithBannersQuickFilter" time="0.0">
    <ignored/>
  </testcase> <!-- test_TC_SA_14_verifyPublishedContentWithBannersQuickFilter -->
  <testcase classname="tests.Search" name="test_TC_SA_09_verifySearchFunctionalityWhenInvalidValueEntered" time="0.0">
    <ignored/>
  </testcase> <!-- test_TC_SA_09_verifySearchFunctionalityWhenInvalidValueEntered -->
  <testcase classname="tests.Search" name="test_TC_SA_17_verifyDraftContentWithAllQuickFilter" time="0.0">
    <ignored/>
  </testcase> <!-- test_TC_SA_17_verifyDraftContentWithAllQuickFilter -->
  <testcase classname="tests.Search" name="test_TC_SA_10_verifyPublishedContentWithBookmarkedQuickFilter" time="0.0">
    <ignored/>
  </testcase> <!-- test_TC_SA_10_verifyPublishedContentWithBookmarkedQuickFilter -->
  <testcase classname="tests.Search" name="test_TC_SA_11_verifyPublishedContentWithMicrositeQuickFilter" time="0.0">
    <ignored/>
  </testcase> <!-- test_TC_SA_11_verifyPublishedContentWithMicrositeQuickFilter -->
  <testcase classname="tests.Search" name="test_TC_SA_16_verifyPublishedContentWithEmailQuickFilter" time="0.0">
    <ignored/>
  </testcase> <!-- test_TC_SA_16_verifyPublishedContentWithEmailQuickFilter -->
  <testcase classname="tests.Search" name="test_TC_SA_30_verifyDraftAndPublishedWithSocialPostsQuickFilter" time="0.0">
    <ignored/>
  </testcase> <!-- test_TC_SA_30_verifyDraftAndPublishedWithSocialPostsQuickFilter -->
  <testcase classname="tests.Search" name="test_TC_SA_15_verifyPublishedContentWithSocialPostsQuickFilter" time="0.0">
    <ignored/>
  </testcase> <!-- test_TC_SA_15_verifyPublishedContentWithSocialPostsQuickFilter -->
  <testcase classname="tests.Search" name="test_TC_SA_05_verifyFilteringWithBothDraftAndPublishedOption" time="0.0">
    <ignored/>
  </testcase> <!-- test_TC_SA_05_verifyFilteringWithBothDraftAndPublishedOption -->
  <testcase classname="tests.Search" name="test_TC_SA_25_verifyDraftAndPublishedWithBookmarkQuickFilter" time="0.0">
    <ignored/>
  </testcase> <!-- test_TC_SA_25_verifyDraftAndPublishedWithBookmarkQuickFilter -->
  <testcase classname="tests.Search" name="test_TC_SA_29_verifyDraftAndPublishedWithBannerQuickFilter" time="0.0">
    <ignored/>
  </testcase> <!-- test_TC_SA_29_verifyDraftAndPublishedWithBannerQuickFilter -->
  <testcase classname="tests.Search" name="test_TC_SA_26_verifyDraftAndPublishedWithMicrositeQuickFilter" time="0.0">
    <ignored/>
  </testcase> <!-- test_TC_SA_26_verifyDraftAndPublishedWithMicrositeQuickFilter -->
</testsuite> <!-- Default test -->
