<?xml version="1.0" encoding="UTF-8"?>
<!-- Generated by org.testng.reporters.JUnitXMLReporter -->
<testsuite ignored="17" hostname="DESKTOP-LRPJ512" failures="0" tests="1" name="Default test" time="51.01" errors="0" timestamp="2025-04-26T13:07:51 IST">
  <testcase classname="tests.PushNotification" name="test_TC_PN_050_pushNotificationWithoutCsvUpload" time="50.069"/>
  <testcase classname="tests.PushNotification" name="test_TC_PN_015_selectAllOptionInPartnerCategoryDropdown" time="0.0">
    <ignored/>
  </testcase> <!-- test_TC_PN_015_selectAllOptionInPartnerCategoryDropdown -->
  <testcase classname="tests.PushNotification" name="test_TC_PN_01_takenToPushNotificationsScreen" time="0.0">
    <ignored/>
  </testcase> <!-- test_TC_PN_01_takenToPushNotificationsScreen -->
  <testcase classname="tests.PushNotification" name="test_TC_PN_09_verifyImageUpload" time="0.0">
    <ignored/>
  </testcase> <!-- test_TC_PN_09_verifyImageUpload -->
  <testcase classname="tests.PushNotification" name="test_TC_PN_023_verifyNotificationStatus" time="0.0">
    <ignored/>
  </testcase> <!-- test_TC_PN_023_verifyNotificationStatus -->
  <testcase classname="tests.PushNotification" name="test_TC_PN_036_pushNotificationWithCsvUpload" time="0.0">
    <ignored/>
  </testcase> <!-- test_TC_PN_036_pushNotificationWithCsvUpload -->
  <testcase classname="tests.PushNotification" name="test_TC_PN_03_clicksOnActionMenuButton" time="0.0">
    <ignored/>
  </testcase> <!-- test_TC_PN_03_clicksOnActionMenuButton -->
  <testcase classname="tests.PushNotification" name="test_TC_PN_07_fillsAllTheFieldsExceptNotificationName" time="0.0">
    <ignored/>
  </testcase> <!-- test_TC_PN_07_fillsAllTheFieldsExceptNotificationName -->
  <testcase classname="tests.PushNotification" name="test_TC_PN_06_notificationChannelSelection" time="0.0">
    <ignored/>
  </testcase> <!-- test_TC_PN_06_notificationChannelSelection -->
  <testcase classname="tests.PushNotification" name="test_TC_PN_08_fillsAllTheFieldsExceptNotificationMessage" time="0.0">
    <ignored/>
  </testcase> <!-- test_TC_PN_08_fillsAllTheFieldsExceptNotificationMessage -->
  <testcase classname="tests.PushNotification" name="test_TC_PN_016_verifyTheSearchTextfield" time="0.0">
    <ignored/>
  </testcase> <!-- test_TC_PN_016_verifyTheSearchTextfield -->
  <testcase classname="tests.PushNotification" name="test_TC_PN_019_fillsAllTheFieldsExceptCustomLinkField" time="0.0">
    <ignored/>
  </testcase> <!-- test_TC_PN_019_fillsAllTheFieldsExceptCustomLinkField -->
  <testcase classname="tests.PushNotification" name="test_TC_PN_017_fillsAllTheFieldsExceptCategoryField" time="0.0">
    <ignored/>
  </testcase> <!-- test_TC_PN_017_fillsAllTheFieldsExceptCategoryField -->
  <testcase classname="tests.PushNotification" name="test_TC_PN_012_imagesInDifferentFormat" time="0.0">
    <ignored/>
  </testcase> <!-- test_TC_PN_012_imagesInDifferentFormat -->
  <testcase classname="tests.PushNotification" name="test_TC_PN_013_sendTOOptionsSelection" time="0.0">
    <ignored/>
  </testcase> <!-- test_TC_PN_013_sendTOOptionsSelection -->
  <testcase classname="tests.PushNotification" name="test_TC_PN_020_verifyContentLink" time="0.0">
    <ignored/>
  </testcase> <!-- test_TC_PN_020_verifyContentLink -->
  <testcase classname="tests.PushNotification" name="test_TC_PN_04_takentoCreateAppNotificationScreen" time="0.0">
    <ignored/>
  </testcase> <!-- test_TC_PN_04_takentoCreateAppNotificationScreen -->
  <testcase classname="tests.PushNotification" name="test_TC_PN_049_pushNotificationWithSpecialCharacter" time="0.0">
    <ignored/>
  </testcase> <!-- test_TC_PN_049_pushNotificationWithSpecialCharacter -->
</testsuite> <!-- Default test -->
