<?xml version="1.0" encoding="UTF-8"?>
<!-- Generated by org.testng.reporters.JUnitXMLReporter -->
<testsuite ignored="5" hostname="DESKTOP-LRPJ512" failures="0" tests="1" name="Default test" time="83.732" errors="0" timestamp="2025-08-24T00:12:10 IST">
  <testcase classname="tests.SocialAutoPostTest" name="test_TC_PN_06_whenPostedOnAllSocialMediaWithNoneOption" time="82.929"/>
  <testcase classname="tests.SocialAutoPostTest" name="test_TC_PN_02_whenPostedWithJpgImageWithCobranding" time="0.0">
    <ignored/>
  </testcase> <!-- test_TC_PN_02_whenPostedWithJpgImageWithCobranding -->
  <testcase classname="tests.SocialAutoPostTest" name="test_TC_PN_05_whenPostedOnAllSocialMediaWithCustomUrl" time="0.0">
    <ignored/>
  </testcase> <!-- test_TC_PN_05_whenPostedOnAllSocialMediaWithCustomUrl -->
  <testcase classname="tests.SocialAutoPostTest" name="test_TC_PN_03_whenPostedWithVideo" time="0.0">
    <ignored/>
  </testcase> <!-- test_TC_PN_03_whenPostedWithVideo -->
  <testcase classname="tests.SocialAutoPostTest" name="test_TC_PN_01_whenPostedWithPngImageWithCobranding" time="0.0">
    <ignored/>
  </testcase> <!-- test_TC_PN_01_whenPostedWithPngImageWithCobranding -->
  <testcase classname="tests.SocialAutoPostTest" name="test_TC_PN_04_whenPostedWithSpecialCharacterInTitleAndDescription" time="0.0">
    <ignored/>
  </testcase> <!-- test_TC_PN_04_whenPostedWithSpecialCharacterInTitleAndDescription -->
</testsuite> <!-- Default test -->
