<?xml version="1.0" encoding="UTF-8"?>
<!-- Generated by org.testng.reporters.JUnitXMLReporter -->
<testsuite ignored="0" hostname="DESKTOP-LRPJ512" failures="0" tests="2" name="Default test" time="44.197" errors="0" timestamp="2026-01-18T17:52:17 IST">
  <testcase classname="tests.DocumentLibrary" name="test_TC_DL_01_takenToDocumentLibraryScreen" time="14.768"/>
  <testcase classname="tests.DocumentLibrary" name="test_TC_DL_03_actionsMenuButton" time="0.552"/>
</testsuite> <!-- Default test -->
