<?xml version="1.0" encoding="UTF-8"?>
<!-- Generated by org.testng.reporters.JUnitXMLReporter -->
<testsuite ignored="4" hostname="DESKTOP-LRPJ512" failures="0" tests="1" name="Default test" time="85.492" errors="0" timestamp="2025-08-23T20:47:50 IST">
  <testcase classname="tests.SocialAutoPostTest" name="test_TC_PN_01_whenPostedWithPngImageWithCobranding" time="84.662"/>
  <testcase classname="tests.SocialAutoPostTest" name="test_TC_PN_04_whenPostedWithSpecialCharacterInTitleAndDescription" time="0.0">
    <ignored/>
  </testcase> <!-- test_TC_PN_04_whenPostedWithSpecialCharacterInTitleAndDescription -->
  <testcase classname="tests.SocialAutoPostTest" name="test_TC_PN_03_whenPostedWithVideo" time="0.0">
    <ignored/>
  </testcase> <!-- test_TC_PN_03_whenPostedWithVideo -->
  <testcase classname="tests.SocialAutoPostTest" name="test_TC_PN_05_whenPostedOnAllSocialMedia" time="0.0">
    <ignored/>
  </testcase> <!-- test_TC_PN_05_whenPostedOnAllSocialMedia -->
  <testcase classname="tests.SocialAutoPostTest" name="test_TC_PN_02_whenPostedWithJpgImageWithCobranding" time="0.0">
    <ignored/>
  </testcase> <!-- test_TC_PN_02_whenPostedWithJpgImageWithCobranding -->
</testsuite> <!-- Default test -->
