<?xml version="1.0" encoding="UTF-8"?>
<!-- Generated by org.testng.reporters.JUnitXMLReporter -->
<testsuite ignored="4" hostname="DESKTOP-LRPJ512" failures="0" tests="1" name="Default test" time="40.198" errors="0" timestamp="2025-07-20T12:21:45 IST">
  <testcase classname="tests.Search" name="test_TC_SA_05_verifyFilteringWithBothDraftAndPublishedOption" time="39.47"/>
  <testcase classname="tests.Search" name="test_TC_SA_02_verifyalltheOptionsOfDropdowns" time="0.0">
    <ignored/>
  </testcase> <!-- test_TC_SA_02_verifyalltheOptionsOfDropdowns -->
  <testcase classname="tests.Search" name="test_TC_SA_01_searchfunctionality" time="0.0">
    <ignored/>
  </testcase> <!-- test_TC_SA_01_searchfunctionality -->
  <testcase classname="tests.Search" name="test_TC_SA_03_verifyFilteringWithOnlyDraftOption" time="0.0">
    <ignored/>
  </testcase> <!-- test_TC_SA_03_verifyFilteringWithOnlyDraftOption -->
  <testcase classname="tests.Search" name="test_TC_SA_04_verifyFilteringWithOnlyPublishedOption" time="0.0">
    <ignored/>
  </testcase> <!-- test_TC_SA_04_verifyFilteringWithOnlyPublishedOption -->
</testsuite> <!-- Default test -->
