<?xml version="1.0" encoding="UTF-8"?>
<!-- Generated by org.testng.reporters.JUnitXMLReporter -->
<testsuite ignored="6" hostname="RraghavVohra09" failures="0" tests="1" name="Default test" time="39.006" errors="0" timestamp="2026-04-01T22:29:18 IST">
  <testcase classname="tests.SocialAutoPostTest" name="test_TC_PN_01_whenPostedWithPngImageWithCobranding" time="38.087"/>
  <testcase classname="tests.SocialAutoPostTest" name="test_TC_PN_04_whenPostedWithSpecialCharacterInTitleAndDescription" time="0.0">
    <ignored/>
  </testcase> <!-- test_TC_PN_04_whenPostedWithSpecialCharacterInTitleAndDescription -->
  <testcase classname="tests.SocialAutoPostTest" name="test_TC_PN_06_whenPostedOnAllSocialMediaWithNoneOption" time="0.0">
    <ignored/>
  </testcase> <!-- test_TC_PN_06_whenPostedOnAllSocialMediaWithNoneOption -->
  <testcase classname="tests.SocialAutoPostTest" name="test_TC_PN_05_whenPostedOnAllSocialMediaWithCustomUrl" time="0.0">
    <ignored/>
  </testcase> <!-- test_TC_PN_05_whenPostedOnAllSocialMediaWithCustomUrl -->
  <testcase classname="tests.SocialAutoPostTest" name="test_TC_PN_03_whenPostedWithVideo" time="0.0">
    <ignored/>
  </testcase> <!-- test_TC_PN_03_whenPostedWithVideo -->
  <testcase classname="tests.SocialAutoPostTest" name="test_TC_PN_02_whenPostedWithJpgImageWithCobranding" time="0.0">
    <ignored/>
  </testcase> <!-- test_TC_PN_02_whenPostedWithJpgImageWithCobranding -->
  <testcase classname="tests.SocialAutoPostTest" name="test_TC_PN_07_whenPostedOnAllSocialMediaWithMicrositeURL" time="0.0">
    <ignored/>
  </testcase> <!-- test_TC_PN_07_whenPostedOnAllSocialMediaWithMicrositeURL -->
</testsuite> <!-- Default test -->
