<?xml version="1.0" encoding="UTF-8"?>
<!-- Generated by org.testng.reporters.JUnitXMLReporter -->
<testsuite ignored="3" hostname="DESKTOP-LRPJ512" failures="0" tests="1" name="Default test" time="37.283" errors="0" timestamp="2025-04-26T17:53:14 IST">
  <testcase classname="tests.DocumentLibrary" name="test_TC_DL_06_fillsNothingInAnyOfTheField" time="36.378"/>
  <testcase classname="tests.DocumentLibrary" name="test_TC_DL_01_takenToDocumentLibraryScreen" time="0.0">
    <ignored/>
  </testcase> <!-- test_TC_DL_01_takenToDocumentLibraryScreen -->
  <testcase classname="tests.DocumentLibrary" name="test_TC_DL_04_uploadDocumentScreen" time="0.0">
    <ignored/>
  </testcase> <!-- test_TC_DL_04_uploadDocumentScreen -->
  <testcase classname="tests.DocumentLibrary" name="test_TC_DL_03_actionsMenuButton" time="0.0">
    <ignored/>
  </testcase> <!-- test_TC_DL_03_actionsMenuButton -->
</testsuite> <!-- Default test -->
