<?xml version="1.0" encoding="UTF-8"?>
<!-- Generated by org.testng.reporters.JUnitXMLReporter -->
<testsuite ignored="2" hostname="DESKTOP-LRPJ512" failures="0" tests="1" name="Default test" time="37.969" errors="0" timestamp="2025-04-19T11:53:35 IST">
  <testcase classname="tests.PushNotification" name="test_TC_PN_07_fillsAllTheFieldsExceptNotificationName" time="37.327"/>
  <testcase classname="tests.PushNotification" name="test_TC_PN_01_takenToPushNotificationsScreen" time="0.0">
    <ignored/>
  </testcase> <!-- test_TC_PN_01_takenToPushNotificationsScreen -->
  <testcase classname="tests.PushNotification" name="test_TC_PN_04_takentoCreateAppNotificationScreen" time="0.0">
    <ignored/>
  </testcase> <!-- test_TC_PN_04_takentoCreateAppNotificationScreen -->
</testsuite> <!-- Default test -->
