<?xml version="1.0" encoding="UTF-8"?>
<!-- Generated by org.testng.reporters.JUnitXMLReporter -->
<testsuite ignored="25" hostname="DESKTOP-LRPJ512" failures="0" tests="1" name="Default test" time="106.029" errors="0" timestamp="2025-07-27T20:57:34 IST">
  <testcase classname="tests.Search" name="test_TC_SA_28_verifyDraftAndPublishedWithMicrositeQuickFilter" time="105.291"/>
  <testcase classname="tests.Search" name="test_TC_SA_22_verifyDraftContentWithVideoQuickFilter" time="0.0">
    <ignored/>
  </testcase> <!-- test_TC_SA_22_verifyDraftContentWithVideoQuickFilter -->
  <testcase classname="tests.Search" name="test_TC_SA_08_verifyFilteringWithBothPublishedAndDraftOptionsWithoutSearching" time="0.0">
    <ignored/>
  </testcase> <!-- test_TC_SA_08_verifyFilteringWithBothPublishedAndDraftOptionsWithoutSearching -->
  <testcase classname="tests.Search" name="test_TC_SA_05_verifyFilteringWithBothDraftAndPublishedOption" time="0.0">
    <ignored/>
  </testcase> <!-- test_TC_SA_05_verifyFilteringWithBothDraftAndPublishedOption -->
  <testcase classname="tests.Search" name="test_TC_SA_14_verifyPublishedContentWithVideoQuickFilter" time="0.0">
    <ignored/>
  </testcase> <!-- test_TC_SA_14_verifyPublishedContentWithVideoQuickFilter -->
  <testcase classname="tests.Search" name="test_TC_SA_06_verifyFilteringWithOnlyDraftOptionWithoutSearching" time="0.0">
    <ignored/>
  </testcase> <!-- test_TC_SA_06_verifyFilteringWithOnlyDraftOptionWithoutSearching -->
  <testcase classname="tests.Search" name="test_TC_SA_24_verifyDraftContentWithBannersQuickFilter" time="0.0">
    <ignored/>
  </testcase> <!-- test_TC_SA_24_verifyDraftContentWithBannersQuickFilter -->
  <testcase classname="tests.Search" name="test_TC_SA_20_verifyDraftContentWithBookmarkedQuickFilter" time="0.0">
    <ignored/>
  </testcase> <!-- test_TC_SA_20_verifyDraftContentWithBookmarkedQuickFilter -->
  <testcase classname="tests.Search" name="test_TC_SA_07_verifyFilteringWithOnlyPublishedOptionWithoutSearching" time="0.0">
    <ignored/>
  </testcase> <!-- test_TC_SA_07_verifyFilteringWithOnlyPublishedOptionWithoutSearching -->
  <testcase classname="tests.Search" name="test_TC_SA_19_verifyDraftContentWithAllQuickFilter" time="0.0">
    <ignored/>
  </testcase> <!-- test_TC_SA_19_verifyDraftContentWithAllQuickFilter -->
  <testcase classname="tests.Search" name="test_TC_SA_04_verifyFilteringWithOnlyPublishedOption" time="0.0">
    <ignored/>
  </testcase> <!-- test_TC_SA_04_verifyFilteringWithOnlyPublishedOption -->
  <testcase classname="tests.Search" name="test_TC_SA_16_verifyPublishedContentWithBannersQuickFilter" time="0.0">
    <ignored/>
  </testcase> <!-- test_TC_SA_16_verifyPublishedContentWithBannersQuickFilter -->
  <testcase classname="tests.Search" name="test_TC_SA_03_verifyFilteringWithOnlyDraftOption" time="0.0">
    <ignored/>
  </testcase> <!-- test_TC_SA_03_verifyFilteringWithOnlyDraftOption -->
  <testcase classname="tests.Search" name="test_TC_SA_26_verifyDraftContentWithEmailQuickFilter" time="0.0">
    <ignored/>
  </testcase> <!-- test_TC_SA_26_verifyDraftContentWithEmailQuickFilter -->
  <testcase classname="tests.Search" name="test_TC_SA_21_verifyDraftContentWithMicrositeQuickFilter" time="0.0">
    <ignored/>
  </testcase> <!-- test_TC_SA_21_verifyDraftContentWithMicrositeQuickFilter -->
  <testcase classname="tests.Search" name="test_TC_SA_02_verifyalltheOptionsOfDropdowns" time="0.0">
    <ignored/>
  </testcase> <!-- test_TC_SA_02_verifyalltheOptionsOfDropdowns -->
  <testcase classname="tests.Search" name="test_TC_SA_25_verifyDraftContentWithSocialPostsQuickFilter" time="0.0">
    <ignored/>
  </testcase> <!-- test_TC_SA_25_verifyDraftContentWithSocialPostsQuickFilter -->
  <testcase classname="tests.Search" name="test_TC_SA_01_searchfunctionality" time="0.0">
    <ignored/>
  </testcase> <!-- test_TC_SA_01_searchfunctionality -->
  <testcase classname="tests.Search" name="test_TC_SA_15_verifyPublishedContentWithBrochureQuickFilter" time="0.0">
    <ignored/>
  </testcase> <!-- test_TC_SA_15_verifyPublishedContentWithBrochureQuickFilter -->
  <testcase classname="tests.Search" name="test_TC_SA_17_verifyPublishedContentWithSocialPostsQuickFilter" time="0.0">
    <ignored/>
  </testcase> <!-- test_TC_SA_17_verifyPublishedContentWithSocialPostsQuickFilter -->
  <testcase classname="tests.Search" name="test_TC_SA_12_verifyPublishedContentWithBookmarkedQuickFilter" time="0.0">
    <ignored/>
  </testcase> <!-- test_TC_SA_12_verifyPublishedContentWithBookmarkedQuickFilter -->
  <testcase classname="tests.Search" name="test_TC_SA_27_verifyDraftAndPublishedWithBookmarkedQuickFilter" time="0.0">
    <ignored/>
  </testcase> <!-- test_TC_SA_27_verifyDraftAndPublishedWithBookmarkedQuickFilter -->
  <testcase classname="tests.Search" name="test_TC_SA_11_verifySearchFunctionalityWhenInvalidValueEntered" time="0.0">
    <ignored/>
  </testcase> <!-- test_TC_SA_11_verifySearchFunctionalityWhenInvalidValueEntered -->
  <testcase classname="tests.Search" name="test_TC_SA_23_verifyDraftContentWithBrochureQuickFilter" time="0.0">
    <ignored/>
  </testcase> <!-- test_TC_SA_23_verifyDraftContentWithBrochureQuickFilter -->
  <testcase classname="tests.Search" name="test_TC_SA_13_verifyPublishedContentWithMicrositeQuickFilter" time="0.0">
    <ignored/>
  </testcase> <!-- test_TC_SA_13_verifyPublishedContentWithMicrositeQuickFilter -->
  <testcase classname="tests.Search" name="test_TC_SA_18_verifyPublishedContentWithEmailQuickFilter" time="0.0">
    <ignored/>
  </testcase> <!-- test_TC_SA_18_verifyPublishedContentWithEmailQuickFilter -->
</testsuite> <!-- Default test -->
