<?xml version="1.0" encoding="UTF-8"?>
<!-- Generated by org.testng.reporters.JUnitXMLReporter -->
<testsuite ignored="10" hostname="DESKTOP-LRPJ512" failures="0" tests="1" name="Default test" time="40.818" errors="0" timestamp="2025-04-25T18:53:19 IST">
  <testcase classname="tests.PushNotification" name="test_TC_PN_016_verifyTheSearchTextfield" time="39.669"/>
  <testcase classname="tests.PushNotification" name="test_TC_PN_015_selectAllOptionInPartnerCategoryDropdown" time="0.0">
    <ignored/>
  </testcase> <!-- test_TC_PN_015_selectAllOptionInPartnerCategoryDropdown -->
  <testcase classname="tests.PushNotification" name="test_TC_PN_01_takenToPushNotificationsScreen" time="0.0">
    <ignored/>
  </testcase> <!-- test_TC_PN_01_takenToPushNotificationsScreen -->
  <testcase classname="tests.PushNotification" name="test_TC_PN_019_fillsAllTheFieldsExceptCustomLinkField" time="0.0">
    <ignored/>
  </testcase> <!-- test_TC_PN_019_fillsAllTheFieldsExceptCustomLinkField -->
  <testcase classname="tests.PushNotification" name="test_TC_PN_017_fillsAllTheFieldsExceptCategoryField" time="0.0">
    <ignored/>
  </testcase> <!-- test_TC_PN_017_fillsAllTheFieldsExceptCategoryField -->
  <testcase classname="tests.PushNotification" name="test_TC_PN_013_sendTOOptionsSelection" time="0.0">
    <ignored/>
  </testcase> <!-- test_TC_PN_013_sendTOOptionsSelection -->
  <testcase classname="tests.PushNotification" name="test_TC_PN_07_fillsAllTheFieldsExceptNotificationName" time="0.0">
    <ignored/>
  </testcase> <!-- test_TC_PN_07_fillsAllTheFieldsExceptNotificationName -->
  <testcase classname="tests.PushNotification" name="test_TC_PN_03_clicksOnActionMenuButton" time="0.0">
    <ignored/>
  </testcase> <!-- test_TC_PN_03_clicksOnActionMenuButton -->
  <testcase classname="tests.PushNotification" name="test_TC_PN_04_takentoCreateAppNotificationScreen" time="0.0">
    <ignored/>
  </testcase> <!-- test_TC_PN_04_takentoCreateAppNotificationScreen -->
  <testcase classname="tests.PushNotification" name="test_TC_PN_06_notificationChannelSelection" time="0.0">
    <ignored/>
  </testcase> <!-- test_TC_PN_06_notificationChannelSelection -->
  <testcase classname="tests.PushNotification" name="test_TC_PN_08_fillsAllTheFieldsExceptNotificationMessage" time="0.0">
    <ignored/>
  </testcase> <!-- test_TC_PN_08_fillsAllTheFieldsExceptNotificationMessage -->
</testsuite> <!-- Default test -->
