<?xml version="1.0" encoding="UTF-8"?>
<!-- Generated by org.testng.reporters.JUnitXMLReporter -->
<testsuite ignored="0" hostname="DESKTOP-LRPJ512" failures="0" tests="6" name="Test" time="147.516" errors="0" timestamp="2025-04-18T17:27:53 IST">
  <testcase classname="tests.Login" name="loginWithValidCredentials" time="4.943"/>
  <testcase classname="tests.Login" name="loginWithValidUsernameInvalidPassword" time="4.904"/>
  <testcase classname="tests.Login" name="loginWithInvalidUsernameValidPassword" time="4.776"/>
  <testcase classname="tests.Login" name="loginByEnteringNothinginBothTheFields" time="0.28"/>
  <testcase classname="tests.PushNotification" name="test_TC_PN_001_takenToPushNotificationsScreen" time="34.696"/>
  <testcase classname="tests.PushNotification" name="test_TC_PN_002_takentoCreateAppNotificationScreen" time="37.539"/>
</testsuite> <!-- Test -->
