<?xml version="1.0" encoding="UTF-8"?>
<!-- Generated by org.testng.reporters.JUnitXMLReporter -->
<testsuite ignored="0" hostname="DESKTOP-LRPJ512" failures="0" tests="4" name="Test" time="72.957" errors="0" timestamp="2025-06-29T12:07:58 IST">
  <testcase classname="tests.Login" name="loginWithVariousCredentials" time="4.995"/>
  <testcase classname="tests.Login" name="loginWithVariousCredentials" time="4.848"/>
  <testcase classname="tests.Login" name="loginWithVariousCredentials" time="4.793"/>
  <testcase classname="tests.Login" name="loginWithVariousCredentials" time="4.619"/>
</testsuite> <!-- Test -->
