<?xml version="1.0" encoding="UTF-8"?>
<!-- Generated by org.testng.reporters.JUnitXMLReporter -->
<testsuite ignored="0" hostname="DESKTOP-LRPJ512" failures="1" tests="22" name="Test" time="762.88" errors="0" timestamp="2025-08-05T20:05:58 IST">
  <testcase classname="tests.Login" name="loginWithVariousCredentials" time="5.005"/>
  <testcase classname="tests.Login" name="loginWithVariousCredentials" time="4.843"/>
  <testcase classname="tests.Login" name="loginWithVariousCredentials" time="4.847"/>
  <testcase classname="tests.Login" name="loginWithVariousCredentials" time="4.893"/>
  <testcase classname="tests.PushNotification" name="test_TC_PN_01_takenToPushNotificationsScreen" time="34.542"/>
  <testcase classname="tests.PushNotification" name="test_TC_PN_04_takentoCreateAppNotificationScreen" time="31.503"/>
  <testcase classname="tests.PushNotification" name="test_TC_PN_07_fillsAllTheFieldsExceptNotificationName" time="35.296"/>
  <testcase classname="tests.PushNotification" name="test_TC_PN_08_fillsAllTheFieldsExceptNotificationMessage" time="34.994"/>
  <testcase classname="tests.PushNotification" name="test_TC_PN_017_fillsAllTheFieldsExceptCategoryField" time="31.245">
    <failure type="java.lang.AssertionError" message="expected [Please fill out this field.] but found []">
      <![CDATA[java.lang.AssertionError: expected [Please fill out this field.] but found []
at tests.PushNotification.test_TC_PN_017_fillsAllTheFieldsExceptCategoryField(PushNotification.java:264)
at java.base/java.util.ArrayList.forEach(ArrayList.java:1597)
... Removed 31 stack frames]]>
    </failure>
  </testcase> <!-- test_TC_PN_017_fillsAllTheFieldsExceptCategoryField -->
  <testcase classname="tests.PushNotification" name="test_TC_PN_019_fillsAllTheFieldsExceptCustomLinkField" time="44.298"/>
  <testcase classname="tests.PushNotification" name="test_TC_PN_03_clicksOnActionMenuButton" time="28.497"/>
  <testcase classname="tests.PushNotification" name="test_TC_PN_06_notificationChannelSelection" time="31.577"/>
  <testcase classname="tests.PushNotification" name="test_TC_PN_013_sendTOOptionsSelection" time="28.318"/>
  <testcase classname="tests.PushNotification" name="test_TC_PN_015_selectAllOptionInPartnerCategoryDropdown" time="38.789"/>
  <testcase classname="tests.PushNotification" name="test_TC_PN_016_verifyTheSearchTextfield" time="30.011"/>
  <testcase classname="tests.PushNotification" name="test_TC_PN_09_verifyImageUpload" time="32.92"/>
  <testcase classname="tests.PushNotification" name="test_TC_PN_023_verifyNotificationStatus" time="43.93"/>
  <testcase classname="tests.PushNotification" name="test_TC_PN_020_verifyContentLink" time="45.985"/>
  <testcase classname="tests.PushNotification" name="test_TC_PN_012_imagesInDifferentFormat" time="45.138"/>
  <testcase classname="tests.PushNotification" name="test_TC_PN_049_pushNotificationWithSpecialCharacter" time="45.962"/>
  <testcase classname="tests.PushNotification" name="test_TC_PN_036_pushNotificationWithCsvUpload" time="50.351"/>
  <testcase classname="tests.PushNotification" name="test_TC_PN_050_pushNotificationWithoutCsvUpload" time="38.681"/>
</testsuite> <!-- Test -->
