<?xml version="1.0" encoding="UTF-8"?>
<!-- Generated by org.testng.reporters.JUnitXMLReporter -->
<testsuite ignored="0" hostname="DESKTOP-LRPJ512" failures="0" tests="4" name="Test" time="108.422" errors="0" timestamp="2025-03-28T15:37:12 IST">
  <testcase classname="tests.Login" name="loginWithValidCredentials" time="3.892"/>
  <testcase classname="tests.Login" name="loginWithValidUsernameInvalidPassword" time="3.84"/>
  <testcase classname="tests.Login" name="loginWithInvalidUsernameValidPassword" time="3.843"/>
  <testcase classname="tests.PushNotification" name="test_TC_PN_001_takenToPushNotificationsScreen" time="37.503"/>
</testsuite> <!-- Test -->
