<?xml version="1.0" encoding="UTF-8"?>
<!-- Generated by org.testng.reporters.JUnitXMLReporter -->
<testsuite ignored="0" hostname="DESKTOP-LRPJ512" failures="0" tests="4" name="Test" time="108.105" errors="0" timestamp="2025-10-21T15:56:21 IST">
  <testcase classname="tests.Login" name="loginWithVariousCredentials" time="5.8"/>
  <testcase classname="tests.Login" name="loginWithVariousCredentials" time="5.561"/>
  <testcase classname="tests.Login" name="loginWithVariousCredentials" time="5.04"/>
  <testcase classname="tests.Login" name="loginWithVariousCredentials" time="4.989"/>
</testsuite> <!-- Test -->
