<?xml version="1.0" encoding="UTF-8"?>
<testng-results ignored="0" total="1" passed="1" failed="0" skipped="0">
  <reporter-output>
  </reporter-output>
  <suite started-at="2025-04-26T13:07:00 IST" name="Default suite" finished-at="2025-04-26T13:07:51 IST" duration-ms="51010">
    <groups>
    </groups>
    <test started-at="2025-04-26T13:07:00 IST" name="Default test" finished-at="2025-04-26T13:07:51 IST" duration-ms="51010">
      <class name="tests.PushNotification">
        <test-method signature="test_TC_PN_050_pushNotificationWithoutCsvUpload()[pri:18, instance:tests.PushNotification@6989da5e]" started-at="2025-04-26T13:07:00 IST" name="test_TC_PN_050_pushNotificationWithoutCsvUpload" finished-at="2025-04-26T13:07:50 IST" duration-ms="50069" status="PASS">
          <reporter-output>
          </reporter-output>
        </test-method> <!-- test_TC_PN_050_pushNotificationWithoutCsvUpload -->
        <test-method is-config="true" signature="tearDown()[pri:0, instance:tests.PushNotification@6989da5e]" started-at="2025-04-26T13:07:50 IST" name="tearDown" finished-at="2025-04-26T13:07:51 IST" duration-ms="779" status="PASS">
          <reporter-output>
          </reporter-output>
        </test-method> <!-- tearDown -->
      </class> <!-- tests.PushNotification -->
    </test> <!-- Default test -->
  </suite> <!-- Default suite -->
</testng-results>
