<?xml version="1.0" encoding="UTF-8"?>
<testng-results ignored="0" total="1" passed="1" failed="0" skipped="0">
  <reporter-output>
  </reporter-output>
  <suite started-at="2025-12-13T16:23:30 IST" name="Default suite" finished-at="2025-12-13T16:25:22 IST" duration-ms="112189">
    <groups>
    </groups>
    <test started-at="2025-12-13T16:23:30 IST" name="Default test" finished-at="2025-12-13T16:25:22 IST" duration-ms="112189">
      <class name="tests.ImageCreationTest">
        <test-method signature="test_TC_DL_01_imageCreationThroughAssetLibrary()[pri:1, instance:tests.ImageCreationTest@6a6cb05c]" started-at="2025-12-13T16:23:30 IST" name="test_TC_DL_01_imageCreationThroughAssetLibrary" finished-at="2025-12-13T16:25:21 IST" duration-ms="111076" status="PASS">
          <reporter-output>
          </reporter-output>
        </test-method> <!-- test_TC_DL_01_imageCreationThroughAssetLibrary -->
        <test-method is-config="true" signature="tearDown()[pri:0, instance:tests.ImageCreationTest@6a6cb05c]" started-at="2025-12-13T16:25:21 IST" name="tearDown" finished-at="2025-12-13T16:25:22 IST" duration-ms="915" status="PASS">
          <reporter-output>
          </reporter-output>
        </test-method> <!-- tearDown -->
      </class> <!-- tests.ImageCreationTest -->
    </test> <!-- Default test -->
  </suite> <!-- Default suite -->
</testng-results>
