<?xml version="1.0" encoding="UTF-8"?>
<testng-results ignored="0" total="22" passed="21" failed="1" skipped="0">
  <reporter-output>
  </reporter-output>
  <suite started-at="2025-08-05T19:53:11 IST" name="Suite" finished-at="2025-08-05T20:05:54 IST" duration-ms="762880">
    <groups>
    </groups>
    <test started-at="2025-08-05T19:53:11 IST" name="Test" finished-at="2025-08-05T20:05:54 IST" duration-ms="762880">
      <class name="tests.Login">
        <test-method is-config="true" signature="setUp()[pri:0, instance:tests.Login@1a677343]" started-at="2025-08-05T19:53:12 IST" name="setUp" finished-at="2025-08-05T19:53:30 IST" duration-ms="17553" status="PASS">
          <reporter-output>
          </reporter-output>
        </test-method> <!-- setUp -->
        <test-method signature="loginWithVariousCredentials(java.lang.String,java.lang.String,java.lang.String)[pri:0, instance:tests.Login@1a677343]" started-at="2025-08-05T19:53:30 IST" name="loginWithVariousCredentials" data-provider="loginData" finished-at="2025-08-05T19:53:35 IST" duration-ms="5005" status="PASS">
          <params>
            <param index="0">
              <value>
                <![CDATA[prem.chandra@bizight.com]]>
              </value>
            </param>
            <param index="1">
              <value>
                <![CDATA[Sbtest@123]]>
              </value>
            </param>
            <param index="2">
              <value>
                <![CDATA[valid]]>
              </value>
            </param>
          </params>
          <reporter-output>
          </reporter-output>
        </test-method> <!-- loginWithVariousCredentials -->
        <test-method is-config="true" signature="tearDown()[pri:0, instance:tests.Login@1a677343]" started-at="2025-08-05T19:53:35 IST" name="tearDown" finished-at="2025-08-05T19:53:38 IST" duration-ms="3464" status="PASS">
          <reporter-output>
          </reporter-output>
        </test-method> <!-- tearDown -->
        <test-method is-config="true" signature="setUp()[pri:0, instance:tests.Login@1a677343]" started-at="2025-08-05T19:53:38 IST" name="setUp" finished-at="2025-08-05T19:53:49 IST" duration-ms="10646" status="PASS">
          <reporter-output>
          </reporter-output>
        </test-method> <!-- setUp -->
        <test-method signature="loginWithVariousCredentials(java.lang.String,java.lang.String,java.lang.String)[pri:0, instance:tests.Login@1a677343]" started-at="2025-08-05T19:53:49 IST" name="loginWithVariousCredentials" data-provider="loginData" finished-at="2025-08-05T19:53:54 IST" duration-ms="4843" status="PASS">
          <params>
            <param index="0">
              <value>
                <![CDATA[prem.chandra@bizight.com]]>
              </value>
            </param>
            <param index="1">
              <value>
                <![CDATA[WrongPass123]]>
              </value>
            </param>
            <param index="2">
              <value>
                <![CDATA[invalid]]>
              </value>
            </param>
          </params>
          <reporter-output>
          </reporter-output>
        </test-method> <!-- loginWithVariousCredentials -->
        <test-method is-config="true" signature="tearDown()[pri:0, instance:tests.Login@1a677343]" started-at="2025-08-05T19:53:54 IST" name="tearDown" finished-at="2025-08-05T19:53:57 IST" duration-ms="3478" status="PASS">
          <reporter-output>
          </reporter-output>
        </test-method> <!-- tearDown -->
        <test-method is-config="true" signature="setUp()[pri:0, instance:tests.Login@1a677343]" started-at="2025-08-05T19:53:57 IST" name="setUp" finished-at="2025-08-05T19:54:07 IST" duration-ms="9713" status="PASS">
          <reporter-output>
          </reporter-output>
        </test-method> <!-- setUp -->
        <test-method signature="loginWithVariousCredentials(java.lang.String,java.lang.String,java.lang.String)[pri:0, instance:tests.Login@1a677343]" started-at="2025-08-05T19:54:07 IST" name="loginWithVariousCredentials" data-provider="loginData" finished-at="2025-08-05T19:54:12 IST" duration-ms="4847" status="PASS">
          <params>
            <param index="0">
              <value>
                <![CDATA[invaliduser@example.com]]>
              </value>
            </param>
            <param index="1">
              <value>
                <![CDATA[Sbtest@123]]>
              </value>
            </param>
            <param index="2">
              <value>
                <![CDATA[invalid]]>
              </value>
            </param>
          </params>
          <reporter-output>
          </reporter-output>
        </test-method> <!-- loginWithVariousCredentials -->
        <test-method is-config="true" signature="tearDown()[pri:0, instance:tests.Login@1a677343]" started-at="2025-08-05T19:54:12 IST" name="tearDown" finished-at="2025-08-05T19:54:15 IST" duration-ms="3432" status="PASS">
          <reporter-output>
          </reporter-output>
        </test-method> <!-- tearDown -->
        <test-method is-config="true" signature="setUp()[pri:0, instance:tests.Login@1a677343]" started-at="2025-08-05T19:54:15 IST" name="setUp" finished-at="2025-08-05T19:54:23 IST" duration-ms="8271" status="PASS">
          <reporter-output>
          </reporter-output>
        </test-method> <!-- setUp -->
        <test-method signature="loginWithVariousCredentials(java.lang.String,java.lang.String,java.lang.String)[pri:0, instance:tests.Login@1a677343]" started-at="2025-08-05T19:54:23 IST" name="loginWithVariousCredentials" data-provider="loginData" finished-at="2025-08-05T19:54:28 IST" duration-ms="4893" status="PASS">
          <params>
            <param index="0">
              <value>
                <![CDATA[]]>
              </value>
            </param>
            <param index="1">
              <value>
                <![CDATA[]]>
              </value>
            </param>
            <param index="2">
              <value>
                <![CDATA[invalid]]>
              </value>
            </param>
          </params>
          <reporter-output>
          </reporter-output>
        </test-method> <!-- loginWithVariousCredentials -->
        <test-method is-config="true" signature="tearDown()[pri:0, instance:tests.Login@1a677343]" started-at="2025-08-05T19:54:28 IST" name="tearDown" finished-at="2025-08-05T19:54:32 IST" duration-ms="3604" status="PASS">
          <reporter-output>
          </reporter-output>
        </test-method> <!-- tearDown -->
      </class> <!-- tests.Login -->
      <class name="tests.PushNotification">
        <test-method signature="test_TC_PN_01_takenToPushNotificationsScreen()[pri:1, instance:tests.PushNotification@2002fc1d]" started-at="2025-08-05T19:54:32 IST" name="test_TC_PN_01_takenToPushNotificationsScreen" finished-at="2025-08-05T19:55:06 IST" duration-ms="34542" status="PASS">
          <reporter-output>
          </reporter-output>
        </test-method> <!-- test_TC_PN_01_takenToPushNotificationsScreen -->
        <test-method is-config="true" signature="tearDown()[pri:0, instance:tests.PushNotification@2002fc1d]" started-at="2025-08-05T19:55:06 IST" name="tearDown" finished-at="2025-08-05T19:55:07 IST" duration-ms="748" status="PASS">
          <reporter-output>
          </reporter-output>
        </test-method> <!-- tearDown -->
        <test-method signature="test_TC_PN_04_takentoCreateAppNotificationScreen()[pri:2, instance:tests.PushNotification@2002fc1d]" started-at="2025-08-05T19:55:07 IST" name="test_TC_PN_04_takentoCreateAppNotificationScreen" finished-at="2025-08-05T19:55:39 IST" duration-ms="31503" status="PASS">
          <reporter-output>
          </reporter-output>
        </test-method> <!-- test_TC_PN_04_takentoCreateAppNotificationScreen -->
        <test-method is-config="true" signature="tearDown()[pri:0, instance:tests.PushNotification@2002fc1d]" started-at="2025-08-05T19:55:39 IST" name="tearDown" finished-at="2025-08-05T19:55:39 IST" duration-ms="551" status="PASS">
          <reporter-output>
          </reporter-output>
        </test-method> <!-- tearDown -->
        <test-method signature="test_TC_PN_07_fillsAllTheFieldsExceptNotificationName()[pri:3, instance:tests.PushNotification@2002fc1d]" started-at="2025-08-05T19:55:39 IST" name="test_TC_PN_07_fillsAllTheFieldsExceptNotificationName" finished-at="2025-08-05T19:56:15 IST" duration-ms="35296" status="PASS">
          <reporter-output>
          </reporter-output>
        </test-method> <!-- test_TC_PN_07_fillsAllTheFieldsExceptNotificationName -->
        <test-method is-config="true" signature="tearDown()[pri:0, instance:tests.PushNotification@2002fc1d]" started-at="2025-08-05T19:56:15 IST" name="tearDown" finished-at="2025-08-05T19:56:15 IST" duration-ms="498" status="PASS">
          <reporter-output>
          </reporter-output>
        </test-method> <!-- tearDown -->
        <test-method signature="test_TC_PN_08_fillsAllTheFieldsExceptNotificationMessage()[pri:4, instance:tests.PushNotification@2002fc1d]" started-at="2025-08-05T19:56:15 IST" name="test_TC_PN_08_fillsAllTheFieldsExceptNotificationMessage" finished-at="2025-08-05T19:56:50 IST" duration-ms="34994" status="PASS">
          <reporter-output>
          </reporter-output>
        </test-method> <!-- test_TC_PN_08_fillsAllTheFieldsExceptNotificationMessage -->
        <test-method is-config="true" signature="tearDown()[pri:0, instance:tests.PushNotification@2002fc1d]" started-at="2025-08-05T19:56:50 IST" name="tearDown" finished-at="2025-08-05T19:56:51 IST" duration-ms="591" status="PASS">
          <reporter-output>
          </reporter-output>
        </test-method> <!-- tearDown -->
        <test-method signature="test_TC_PN_017_fillsAllTheFieldsExceptCategoryField()[pri:5, instance:tests.PushNotification@2002fc1d]" started-at="2025-08-05T19:56:51 IST" name="test_TC_PN_017_fillsAllTheFieldsExceptCategoryField" finished-at="2025-08-05T19:57:22 IST" duration-ms="31245" status="FAIL">
          <exception class="java.lang.AssertionError">
            <message>
              <![CDATA[expected [Please fill out this field.] but found []]]>
            </message>
            <full-stacktrace>
              <![CDATA[java.lang.AssertionError: expected [Please fill out this field.] but found []
at org.testng.Assert.fail(Assert.java:111)
at org.testng.Assert.failNotEquals(Assert.java:1578)
at org.testng.Assert.assertEqualsImpl(Assert.java:150)
at org.testng.Assert.assertEquals(Assert.java:132)
at org.testng.Assert.assertEquals(Assert.java:656)
at org.testng.Assert.assertEquals(Assert.java:666)
at tests.PushNotification.test_TC_PN_017_fillsAllTheFieldsExceptCategoryField(PushNotification.java:264)
at java.base/jdk.internal.reflect.DirectMethodHandleAccessor.invoke(DirectMethodHandleAccessor.java:103)
at java.base/java.lang.reflect.Method.invoke(Method.java:580)
at org.testng.internal.invokers.MethodInvocationHelper.invokeMethod(MethodInvocationHelper.java:139)
at org.testng.internal.invokers.TestInvoker.invokeMethod(TestInvoker.java:664)
at org.testng.internal.invokers.TestInvoker.invokeTestMethod(TestInvoker.java:228)
at org.testng.internal.invokers.MethodRunner.runInSequence(MethodRunner.java:63)
at org.testng.internal.invokers.TestInvoker$MethodInvocationAgent.invoke(TestInvoker.java:961)
at org.testng.internal.invokers.TestInvoker.invokeTestMethods(TestInvoker.java:201)
at org.testng.internal.invokers.TestMethodWorker.invokeTestMethods(TestMethodWorker.java:148)
at org.testng.internal.invokers.TestMethodWorker.run(TestMethodWorker.java:128)
at java.base/java.util.ArrayList.forEach(ArrayList.java:1597)
at org.testng.TestRunner.privateRun(TestRunner.java:819)
at org.testng.TestRunner.run(TestRunner.java:619)
at org.testng.SuiteRunner.runTest(SuiteRunner.java:443)
at org.testng.SuiteRunner.runSequentially(SuiteRunner.java:437)
at org.testng.SuiteRunner.privateRun(SuiteRunner.java:397)
at org.testng.SuiteRunner.run(SuiteRunner.java:336)
at org.testng.SuiteRunnerWorker.runSuite(SuiteRunnerWorker.java:52)
at org.testng.SuiteRunnerWorker.run(SuiteRunnerWorker.java:95)
at org.testng.TestNG.runSuitesSequentially(TestNG.java:1301)
at org.testng.TestNG.runSuitesLocally(TestNG.java:1228)
at org.testng.TestNG.runSuites(TestNG.java:1134)
at org.testng.TestNG.run(TestNG.java:1101)
at org.testng.remote.AbstractRemoteTestNG.run(AbstractRemoteTestNG.java:115)
at org.testng.remote.RemoteTestNG.initAndRun(RemoteTestNG.java:293)
at org.testng.remote.RemoteTestNG.main(RemoteTestNG.java:91)
]]>
            </full-stacktrace>
          </exception> <!-- java.lang.AssertionError -->
          <reporter-output>
          </reporter-output>
        </test-method> <!-- test_TC_PN_017_fillsAllTheFieldsExceptCategoryField -->
        <test-method is-config="true" signature="tearDown()[pri:0, instance:tests.PushNotification@2002fc1d]" started-at="2025-08-05T19:57:22 IST" name="tearDown" finished-at="2025-08-05T19:57:23 IST" duration-ms="452" status="PASS">
          <reporter-output>
          </reporter-output>
        </test-method> <!-- tearDown -->
        <test-method signature="test_TC_PN_019_fillsAllTheFieldsExceptCustomLinkField()[pri:6, instance:tests.PushNotification@2002fc1d]" started-at="2025-08-05T19:57:23 IST" name="test_TC_PN_019_fillsAllTheFieldsExceptCustomLinkField" finished-at="2025-08-05T19:58:07 IST" duration-ms="44298" status="PASS">
          <reporter-output>
          </reporter-output>
        </test-method> <!-- test_TC_PN_019_fillsAllTheFieldsExceptCustomLinkField -->
        <test-method is-config="true" signature="tearDown()[pri:0, instance:tests.PushNotification@2002fc1d]" started-at="2025-08-05T19:58:07 IST" name="tearDown" finished-at="2025-08-05T19:58:08 IST" duration-ms="574" status="PASS">
          <reporter-output>
          </reporter-output>
        </test-method> <!-- tearDown -->
        <test-method signature="test_TC_PN_03_clicksOnActionMenuButton()[pri:7, instance:tests.PushNotification@2002fc1d]" started-at="2025-08-05T19:58:08 IST" name="test_TC_PN_03_clicksOnActionMenuButton" finished-at="2025-08-05T19:58:36 IST" duration-ms="28497" status="PASS">
          <reporter-output>
          </reporter-output>
        </test-method> <!-- test_TC_PN_03_clicksOnActionMenuButton -->
        <test-method is-config="true" signature="tearDown()[pri:0, instance:tests.PushNotification@2002fc1d]" started-at="2025-08-05T19:58:36 IST" name="tearDown" finished-at="2025-08-05T19:58:36 IST" duration-ms="442" status="PASS">
          <reporter-output>
          </reporter-output>
        </test-method> <!-- tearDown -->
        <test-method signature="test_TC_PN_06_notificationChannelSelection()[pri:8, instance:tests.PushNotification@2002fc1d]" started-at="2025-08-05T19:58:36 IST" name="test_TC_PN_06_notificationChannelSelection" finished-at="2025-08-05T19:59:08 IST" duration-ms="31577" status="PASS">
          <reporter-output>
          </reporter-output>
        </test-method> <!-- test_TC_PN_06_notificationChannelSelection -->
        <test-method is-config="true" signature="tearDown()[pri:0, instance:tests.PushNotification@2002fc1d]" started-at="2025-08-05T19:59:08 IST" name="tearDown" finished-at="2025-08-05T19:59:09 IST" duration-ms="465" status="PASS">
          <reporter-output>
          </reporter-output>
        </test-method> <!-- tearDown -->
        <test-method signature="test_TC_PN_013_sendTOOptionsSelection()[pri:9, instance:tests.PushNotification@2002fc1d]" started-at="2025-08-05T19:59:09 IST" name="test_TC_PN_013_sendTOOptionsSelection" finished-at="2025-08-05T19:59:37 IST" duration-ms="28318" status="PASS">
          <reporter-output>
          </reporter-output>
        </test-method> <!-- test_TC_PN_013_sendTOOptionsSelection -->
        <test-method is-config="true" signature="tearDown()[pri:0, instance:tests.PushNotification@2002fc1d]" started-at="2025-08-05T19:59:37 IST" name="tearDown" finished-at="2025-08-05T19:59:37 IST" duration-ms="568" status="PASS">
          <reporter-output>
          </reporter-output>
        </test-method> <!-- tearDown -->
        <test-method signature="test_TC_PN_015_selectAllOptionInPartnerCategoryDropdown()[pri:10, instance:tests.PushNotification@2002fc1d]" started-at="2025-08-05T19:59:37 IST" name="test_TC_PN_015_selectAllOptionInPartnerCategoryDropdown" finished-at="2025-08-05T20:00:16 IST" duration-ms="38789" status="PASS">
          <reporter-output>
          </reporter-output>
        </test-method> <!-- test_TC_PN_015_selectAllOptionInPartnerCategoryDropdown -->
        <test-method is-config="true" signature="tearDown()[pri:0, instance:tests.PushNotification@2002fc1d]" started-at="2025-08-05T20:00:16 IST" name="tearDown" finished-at="2025-08-05T20:00:17 IST" duration-ms="559" status="PASS">
          <reporter-output>
          </reporter-output>
        </test-method> <!-- tearDown -->
        <test-method signature="test_TC_PN_016_verifyTheSearchTextfield()[pri:11, instance:tests.PushNotification@2002fc1d]" started-at="2025-08-05T20:00:17 IST" name="test_TC_PN_016_verifyTheSearchTextfield" finished-at="2025-08-05T20:00:47 IST" duration-ms="30011" status="PASS">
          <reporter-output>
          </reporter-output>
        </test-method> <!-- test_TC_PN_016_verifyTheSearchTextfield -->
        <test-method is-config="true" signature="tearDown()[pri:0, instance:tests.PushNotification@2002fc1d]" started-at="2025-08-05T20:00:47 IST" name="tearDown" finished-at="2025-08-05T20:00:47 IST" duration-ms="644" status="PASS">
          <reporter-output>
          </reporter-output>
        </test-method> <!-- tearDown -->
        <test-method signature="test_TC_PN_09_verifyImageUpload()[pri:12, instance:tests.PushNotification@2002fc1d]" started-at="2025-08-05T20:00:47 IST" name="test_TC_PN_09_verifyImageUpload" finished-at="2025-08-05T20:01:20 IST" duration-ms="32920" status="PASS">
          <reporter-output>
          </reporter-output>
        </test-method> <!-- test_TC_PN_09_verifyImageUpload -->
        <test-method is-config="true" signature="tearDown()[pri:0, instance:tests.PushNotification@2002fc1d]" started-at="2025-08-05T20:01:20 IST" name="tearDown" finished-at="2025-08-05T20:01:21 IST" duration-ms="492" status="PASS">
          <reporter-output>
          </reporter-output>
        </test-method> <!-- tearDown -->
        <test-method signature="test_TC_PN_023_verifyNotificationStatus()[pri:13, instance:tests.PushNotification@2002fc1d]" started-at="2025-08-05T20:01:21 IST" name="test_TC_PN_023_verifyNotificationStatus" finished-at="2025-08-05T20:02:05 IST" duration-ms="43930" status="PASS">
          <reporter-output>
          </reporter-output>
        </test-method> <!-- test_TC_PN_023_verifyNotificationStatus -->
        <test-method is-config="true" signature="tearDown()[pri:0, instance:tests.PushNotification@2002fc1d]" started-at="2025-08-05T20:02:05 IST" name="tearDown" finished-at="2025-08-05T20:02:05 IST" duration-ms="500" status="PASS">
          <reporter-output>
          </reporter-output>
        </test-method> <!-- tearDown -->
        <test-method signature="test_TC_PN_020_verifyContentLink()[pri:14, instance:tests.PushNotification@2002fc1d]" started-at="2025-08-05T20:02:05 IST" name="test_TC_PN_020_verifyContentLink" finished-at="2025-08-05T20:02:51 IST" duration-ms="45985" status="PASS">
          <reporter-output>
          </reporter-output>
        </test-method> <!-- test_TC_PN_020_verifyContentLink -->
        <test-method is-config="true" signature="tearDown()[pri:0, instance:tests.PushNotification@2002fc1d]" started-at="2025-08-05T20:02:51 IST" name="tearDown" finished-at="2025-08-05T20:02:52 IST" duration-ms="517" status="PASS">
          <reporter-output>
          </reporter-output>
        </test-method> <!-- tearDown -->
        <test-method signature="test_TC_PN_012_imagesInDifferentFormat()[pri:15, instance:tests.PushNotification@2002fc1d]" started-at="2025-08-05T20:02:52 IST" name="test_TC_PN_012_imagesInDifferentFormat" finished-at="2025-08-05T20:03:37 IST" duration-ms="45138" status="PASS">
          <reporter-output>
          </reporter-output>
        </test-method> <!-- test_TC_PN_012_imagesInDifferentFormat -->
        <test-method is-config="true" signature="tearDown()[pri:0, instance:tests.PushNotification@2002fc1d]" started-at="2025-08-05T20:03:37 IST" name="tearDown" finished-at="2025-08-05T20:03:38 IST" duration-ms="522" status="PASS">
          <reporter-output>
          </reporter-output>
        </test-method> <!-- tearDown -->
        <test-method signature="test_TC_PN_049_pushNotificationWithSpecialCharacter()[pri:16, instance:tests.PushNotification@2002fc1d]" started-at="2025-08-05T20:03:38 IST" name="test_TC_PN_049_pushNotificationWithSpecialCharacter" finished-at="2025-08-05T20:04:23 IST" duration-ms="45962" status="PASS">
          <reporter-output>
          </reporter-output>
        </test-method> <!-- test_TC_PN_049_pushNotificationWithSpecialCharacter -->
        <test-method is-config="true" signature="tearDown()[pri:0, instance:tests.PushNotification@2002fc1d]" started-at="2025-08-05T20:04:23 IST" name="tearDown" finished-at="2025-08-05T20:04:24 IST" duration-ms="548" status="PASS">
          <reporter-output>
          </reporter-output>
        </test-method> <!-- tearDown -->
        <test-method signature="test_TC_PN_036_pushNotificationWithCsvUpload()[pri:17, instance:tests.PushNotification@2002fc1d]" started-at="2025-08-05T20:04:24 IST" name="test_TC_PN_036_pushNotificationWithCsvUpload" finished-at="2025-08-05T20:05:14 IST" duration-ms="50351" status="PASS">
          <reporter-output>
          </reporter-output>
        </test-method> <!-- test_TC_PN_036_pushNotificationWithCsvUpload -->
        <test-method is-config="true" signature="tearDown()[pri:0, instance:tests.PushNotification@2002fc1d]" started-at="2025-08-05T20:05:14 IST" name="tearDown" finished-at="2025-08-05T20:05:15 IST" duration-ms="463" status="PASS">
          <reporter-output>
          </reporter-output>
        </test-method> <!-- tearDown -->
        <test-method signature="test_TC_PN_050_pushNotificationWithoutCsvUpload()[pri:18, instance:tests.PushNotification@2002fc1d]" started-at="2025-08-05T20:05:15 IST" name="test_TC_PN_050_pushNotificationWithoutCsvUpload" finished-at="2025-08-05T20:05:54 IST" duration-ms="38681" status="PASS">
          <reporter-output>
          </reporter-output>
        </test-method> <!-- test_TC_PN_050_pushNotificationWithoutCsvUpload -->
        <test-method is-config="true" signature="tearDown()[pri:0, instance:tests.PushNotification@2002fc1d]" started-at="2025-08-05T20:05:54 IST" name="tearDown" finished-at="2025-08-05T20:05:54 IST" duration-ms="559" status="PASS">
          <reporter-output>
          </reporter-output>
        </test-method> <!-- tearDown -->
      </class> <!-- tests.PushNotification -->
    </test> <!-- Test -->
  </suite> <!-- Suite -->
</testng-results>
