<?xml version="1.0" encoding="UTF-8"?>
<testng-results ignored="0" total="1" passed="1" failed="0" skipped="0">
  <reporter-output>
  </reporter-output>
  <suite started-at="2025-04-26T17:52:37 IST" name="Default suite" finished-at="2025-04-26T17:53:14 IST" duration-ms="37283">
    <groups>
    </groups>
    <test started-at="2025-04-26T17:52:37 IST" name="Default test" finished-at="2025-04-26T17:53:14 IST" duration-ms="37283">
      <class name="tests.DocumentLibrary">
        <test-method signature="test_TC_DL_06_fillsNothingInAnyOfTheField()[pri:4, instance:tests.DocumentLibrary@3b69e7d1]" started-at="2025-04-26T17:52:37 IST" name="test_TC_DL_06_fillsNothingInAnyOfTheField" finished-at="2025-04-26T17:53:13 IST" duration-ms="36378" status="PASS">
          <reporter-output>
          </reporter-output>
        </test-method> <!-- test_TC_DL_06_fillsNothingInAnyOfTheField -->
        <test-method is-config="true" signature="tearDown()[pri:0, instance:tests.DocumentLibrary@3b69e7d1]" started-at="2025-04-26T17:53:13 IST" name="tearDown" finished-at="2025-04-26T17:53:14 IST" duration-ms="763" status="PASS">
          <reporter-output>
          </reporter-output>
        </test-method> <!-- tearDown -->
      </class> <!-- tests.DocumentLibrary -->
    </test> <!-- Default test -->
  </suite> <!-- Default suite -->
</testng-results>
