<?xml version="1.0" encoding="UTF-8"?>
<testng-results ignored="0" total="1" passed="1" failed="0" skipped="0">
  <reporter-output>
  </reporter-output>
  <suite started-at="2025-10-21T22:42:54 IST" name="Default suite" finished-at="2025-10-21T22:43:45 IST" duration-ms="50212">
    <groups>
    </groups>
    <test started-at="2025-10-21T22:42:54 IST" name="Default test" finished-at="2025-10-21T22:43:45 IST" duration-ms="50212">
      <class name="tests.Search">
        <test-method signature="test_TC_SA_03_verifyFilteringWithOnlyDraftOption()[pri:3, instance:tests.Search@7dcf94f8]" started-at="2025-10-21T22:42:55 IST" name="test_TC_SA_03_verifyFilteringWithOnlyDraftOption" finished-at="2025-10-21T22:43:44 IST" duration-ms="49626" status="PASS">
          <reporter-output>
          </reporter-output>
        </test-method> <!-- test_TC_SA_03_verifyFilteringWithOnlyDraftOption -->
        <test-method is-config="true" signature="tearDown()[pri:0, instance:tests.Search@7dcf94f8]" started-at="2025-10-21T22:43:44 IST" name="tearDown" finished-at="2025-10-21T22:43:45 IST" duration-ms="474" status="PASS">
          <reporter-output>
          </reporter-output>
        </test-method> <!-- tearDown -->
      </class> <!-- tests.Search -->
    </test> <!-- Default test -->
  </suite> <!-- Default suite -->
</testng-results>
