<?xml version="1.0" encoding="UTF-8"?>
<testng-results ignored="0" total="1" passed="1" failed="0" skipped="0">
  <reporter-output>
  </reporter-output>
  <suite started-at="2026-04-01T22:28:39 IST" name="Default suite" finished-at="2026-04-01T22:29:18 IST" duration-ms="39006">
    <groups>
    </groups>
    <test started-at="2026-04-01T22:28:39 IST" name="Default test" finished-at="2026-04-01T22:29:18 IST" duration-ms="39006">
      <class name="tests.SocialAutoPostTest">
        <test-method signature="test_TC_PN_01_whenPostedWithPngImageWithCobranding()[pri:1, instance:tests.SocialAutoPostTest@77c2494c]" started-at="2026-04-01T22:28:39 IST" name="test_TC_PN_01_whenPostedWithPngImageWithCobranding" finished-at="2026-04-01T22:29:17 IST" duration-ms="38087" status="PASS">
          <reporter-output>
          </reporter-output>
        </test-method> <!-- test_TC_PN_01_whenPostedWithPngImageWithCobranding -->
        <test-method is-config="true" signature="tearDown()[pri:0, instance:tests.SocialAutoPostTest@77c2494c]" started-at="2026-04-01T22:29:17 IST" name="tearDown" finished-at="2026-04-01T22:29:18 IST" duration-ms="819" status="PASS">
          <reporter-output>
          </reporter-output>
        </test-method> <!-- tearDown -->
      </class> <!-- tests.SocialAutoPostTest -->
    </test> <!-- Default test -->
  </suite> <!-- Default suite -->
</testng-results>
