<?xml version="1.0" encoding="UTF-8"?>
<testng-results ignored="0" total="1" passed="1" failed="0" skipped="0">
  <reporter-output>
  </reporter-output>
  <suite started-at="2025-07-20T12:21:05 IST" name="Default suite" finished-at="2025-07-20T12:21:45 IST" duration-ms="40198">
    <groups>
    </groups>
    <test started-at="2025-07-20T12:21:05 IST" name="Default test" finished-at="2025-07-20T12:21:45 IST" duration-ms="40198">
      <class name="tests.Search">
        <test-method signature="test_TC_SA_05_verifyFilteringWithBothDraftAndPublishedOption()[pri:5, instance:tests.Search@815b41f]" started-at="2025-07-20T12:21:05 IST" name="test_TC_SA_05_verifyFilteringWithBothDraftAndPublishedOption" finished-at="2025-07-20T12:21:44 IST" duration-ms="39470" status="PASS">
          <reporter-output>
          </reporter-output>
        </test-method> <!-- test_TC_SA_05_verifyFilteringWithBothDraftAndPublishedOption -->
        <test-method is-config="true" signature="tearDown()[pri:0, instance:tests.Search@815b41f]" started-at="2025-07-20T12:21:44 IST" name="tearDown" finished-at="2025-07-20T12:21:45 IST" duration-ms="619" status="PASS">
          <reporter-output>
          </reporter-output>
        </test-method> <!-- tearDown -->
      </class> <!-- tests.Search -->
    </test> <!-- Default test -->
  </suite> <!-- Default suite -->
</testng-results>
