<?xml version="1.0" encoding="UTF-8"?>
<testng-results ignored="0" total="1" passed="1" failed="0" skipped="0">
  <reporter-output>
  </reporter-output>
  <suite started-at="2025-08-10T13:05:58 IST" name="Default suite" finished-at="2025-08-10T13:06:32 IST" duration-ms="33869">
    <groups>
    </groups>
    <test started-at="2025-08-10T13:05:58 IST" name="Default test" finished-at="2025-08-10T13:06:32 IST" duration-ms="33869">
      <class name="tests.Search">
        <test-method signature="test_TC_SA_33_verifyDraftAndPublishedWithBookmarkQuickFilter()[pri:35, instance:tests.Search@5bda8e08]" started-at="2025-08-10T13:05:58 IST" name="test_TC_SA_33_verifyDraftAndPublishedWithBookmarkQuickFilter" finished-at="2025-08-10T13:06:32 IST" duration-ms="33303" status="PASS">
          <reporter-output>
          </reporter-output>
        </test-method> <!-- test_TC_SA_33_verifyDraftAndPublishedWithBookmarkQuickFilter -->
        <test-method is-config="true" signature="tearDown()[pri:0, instance:tests.Search@5bda8e08]" started-at="2025-08-10T13:06:32 IST" name="tearDown" finished-at="2025-08-10T13:06:32 IST" duration-ms="446" status="PASS">
          <reporter-output>
          </reporter-output>
        </test-method> <!-- tearDown -->
      </class> <!-- tests.Search -->
    </test> <!-- Default test -->
  </suite> <!-- Default suite -->
</testng-results>
