<?xml version="1.0" encoding="UTF-8"?>
<testng-results ignored="0" total="3" passed="3" failed="0" skipped="0">
  <reporter-output>
  </reporter-output>
  <suite started-at="2026-01-25T14:00:33 IST" name="Default suite" finished-at="2026-01-25T14:02:02 IST" duration-ms="89742">
    <groups>
    </groups>
    <test started-at="2026-01-25T14:00:33 IST" name="Default test" finished-at="2026-01-25T14:02:02 IST" duration-ms="89742">
      <class name="tests.DocumentLibrary">
        <test-method signature="test_TC_DL_01_takenToDocumentLibraryScreen()[pri:1, instance:tests.DocumentLibrary@7dcf94f8]" started-at="2026-01-25T14:00:33 IST" name="test_TC_DL_01_takenToDocumentLibraryScreen" finished-at="2026-01-25T14:01:00 IST" duration-ms="27641" status="PASS">
          <reporter-output>
          </reporter-output>
        </test-method> <!-- test_TC_DL_01_takenToDocumentLibraryScreen -->
        <test-method is-config="true" signature="tearDown()[pri:0, instance:tests.DocumentLibrary@7dcf94f8]" started-at="2026-01-25T14:01:00 IST" name="tearDown" finished-at="2026-01-25T14:01:01 IST" duration-ms="539" status="PASS">
          <reporter-output>
          </reporter-output>
        </test-method> <!-- tearDown -->
        <test-method signature="test_TC_DL_03_actionsMenuButton()[pri:2, instance:tests.DocumentLibrary@7dcf94f8]" started-at="2026-01-25T14:01:01 IST" name="test_TC_DL_03_actionsMenuButton" finished-at="2026-01-25T14:01:30 IST" duration-ms="29233" status="PASS">
          <reporter-output>
          </reporter-output>
        </test-method> <!-- test_TC_DL_03_actionsMenuButton -->
        <test-method is-config="true" signature="tearDown()[pri:0, instance:tests.DocumentLibrary@7dcf94f8]" started-at="2026-01-25T14:01:30 IST" name="tearDown" finished-at="2026-01-25T14:01:31 IST" duration-ms="486" status="PASS">
          <reporter-output>
          </reporter-output>
        </test-method> <!-- tearDown -->
        <test-method signature="test_TC_DL_04_uploadDocumentScreen()[pri:3, instance:tests.DocumentLibrary@7dcf94f8]" started-at="2026-01-25T14:01:31 IST" name="test_TC_DL_04_uploadDocumentScreen" finished-at="2026-01-25T14:02:02 IST" duration-ms="31235" status="PASS">
          <reporter-output>
          </reporter-output>
        </test-method> <!-- test_TC_DL_04_uploadDocumentScreen -->
        <test-method is-config="true" signature="tearDown()[pri:0, instance:tests.DocumentLibrary@7dcf94f8]" started-at="2026-01-25T14:02:02 IST" name="tearDown" finished-at="2026-01-25T14:02:02 IST" duration-ms="509" status="PASS">
          <reporter-output>
          </reporter-output>
        </test-method> <!-- tearDown -->
      </class> <!-- tests.DocumentLibrary -->
    </test> <!-- Default test -->
  </suite> <!-- Default suite -->
</testng-results>
