<?xml version="1.0" encoding="UTF-8"?>
<testng-results ignored="0" total="1" passed="1" failed="0" skipped="0">
  <reporter-output>
  </reporter-output>
  <suite started-at="2026-03-28T17:09:52 IST" name="Default suite" finished-at="2026-03-28T17:11:52 IST" duration-ms="120035">
    <groups>
    </groups>
    <test started-at="2026-03-28T17:09:52 IST" name="Default test" finished-at="2026-03-28T17:11:52 IST" duration-ms="120035">
      <class name="tests.VideoCreationTest">
        <test-method signature="test_TC_DL_01_videoCreationThroughAssetLibrary()[pri:1, instance:tests.VideoCreationTest@7dcf94f8]" started-at="2026-03-28T17:09:52 IST" name="test_TC_DL_01_videoCreationThroughAssetLibrary" finished-at="2026-03-28T17:11:52 IST" duration-ms="119327" status="PASS">
          <reporter-output>
          </reporter-output>
        </test-method> <!-- test_TC_DL_01_videoCreationThroughAssetLibrary -->
        <test-method is-config="true" signature="tearDown()[pri:0, instance:tests.VideoCreationTest@7dcf94f8]" started-at="2026-03-28T17:11:52 IST" name="tearDown" finished-at="2026-03-28T17:11:52 IST" duration-ms="577" status="PASS">
          <reporter-output>
          </reporter-output>
        </test-method> <!-- tearDown -->
      </class> <!-- tests.VideoCreationTest -->
    </test> <!-- Default test -->
  </suite> <!-- Default suite -->
</testng-results>
