<?xml version="1.0" encoding="UTF-8"?>
<testng-results ignored="0" total="8" passed="5" failed="2" skipped="1">
  <reporter-output>
  </reporter-output>
  <suite started-at="2026-03-28T19:36:43 IST" name="Default suite" finished-at="2026-03-28T19:40:00 IST" duration-ms="196915">
    <groups>
    </groups>
    <test started-at="2026-03-28T19:36:43 IST" name="Default test" finished-at="2026-03-28T19:40:00 IST" duration-ms="196915">
      <class name="tests.DocumentLibrary">
        <test-method signature="test_TC_DL_30_fillsAllTheMandatoryAndDocumentOptions()[pri:16, instance:tests.DocumentLibrary@477b4cdf]" started-at="2026-03-28T19:36:43 IST" name="test_TC_DL_30_fillsAllTheMandatoryAndDocumentOptions" finished-at="2026-03-28T19:37:20 IST" duration-ms="37096" status="PASS">
          <reporter-output>
          </reporter-output>
        </test-method> <!-- test_TC_DL_30_fillsAllTheMandatoryAndDocumentOptions -->
        <test-method is-config="true" signature="tearDown()[pri:0, instance:tests.DocumentLibrary@477b4cdf]" started-at="2026-03-28T19:37:20 IST" name="tearDown" finished-at="2026-03-28T19:37:23 IST" duration-ms="2591" status="PASS">
          <reporter-output>
          </reporter-output>
        </test-method> <!-- tearDown -->
        <test-method signature="test_TC_DL_32_fillsAllTheFieldsAndMakesDownloadable()[pri:17, instance:tests.DocumentLibrary@477b4cdf]" started-at="2026-03-28T19:37:23 IST" name="test_TC_DL_32_fillsAllTheFieldsAndMakesDownloadable" finished-at="2026-03-28T19:37:59 IST" duration-ms="36185" status="PASS">
          <reporter-output>
          </reporter-output>
        </test-method> <!-- test_TC_DL_32_fillsAllTheFieldsAndMakesDownloadable -->
        <test-method is-config="true" signature="tearDown()[pri:0, instance:tests.DocumentLibrary@477b4cdf]" started-at="2026-03-28T19:37:59 IST" name="tearDown" finished-at="2026-03-28T19:38:00 IST" duration-ms="724" status="PASS">
          <reporter-output>
          </reporter-output>
        </test-method> <!-- tearDown -->
        <test-method signature="test_TC_DL_34_fillsAllTheFieldsWithHashtag()[pri:18, instance:tests.DocumentLibrary@477b4cdf]" started-at="2026-03-28T19:38:00 IST" name="test_TC_DL_34_fillsAllTheFieldsWithHashtag" finished-at="2026-03-28T19:38:07 IST" duration-ms="6950" status="FAIL">
          <exception class="org.openqa.selenium.StaleElementReferenceException">
            <message>
              <![CDATA[stale element reference: stale element not found in the current frame
  (Session info: chrome=146.0.7680.165)
For documentation on this error, please visit: https://www.selenium.dev/documentation/webdriver/troubleshooting/errors#stale-element-reference-exception
Build info: version: '4.27.0', revision: 'd6e718d134'
System info: os.name: 'Windows 10', os.arch: 'amd64', os.version: '10.0', java.version: '23.0.2'
Driver info: org.openqa.selenium.chrome.ChromeDriver
Command: [123952ac0731ebd7d0062d081b5a4479, sendKeysToElement {value=[Ljava.lang.CharSequence;@6136998b, id=f.27B8A6FCFCFC0F5C515C0D6483D56F64.d.9E4ED93476C0311FEE7864B16B82DB32.e.149}]
Capabilities {acceptInsecureCerts: false, browserName: chrome, browserVersion: 146.0.7680.165, chrome: {chromedriverVersion: 146.0.7638.0 (9901d838e058d..., userDataDir: C:\Users\admin\AppData\Loca...}, fedcm:accounts: true, goog:chromeOptions: {debuggerAddress: localhost:54005}, goog:processID: 1456, networkConnectionEnabled: false, pageLoadStrategy: normal, platformName: windows, proxy: Proxy(), se:cdp: ws://localhost:54005/devtoo..., se:cdpVersion: 146.0.7680.165, setWindowRect: true, strictFileInteractability: false, timeouts: {implicit: 0, pageLoad: 300000, script: 30000}, unhandledPromptBehavior: dismiss and notify, webauthn:extension:credBlob: true, webauthn:extension:largeBlob: true, webauthn:extension:minPinLength: true, webauthn:extension:prf: true, webauthn:virtualAuthenticators: true}
Element: [[ChromeDriver: chrome on windows (123952ac0731ebd7d0062d081b5a4479)] -> id: password]
Session ID: 123952ac0731ebd7d0062d081b5a4479]]>
            </message>
            <full-stacktrace>
              <![CDATA[org.openqa.selenium.StaleElementReferenceException: stale element reference: stale element not found in the current frame
  (Session info: chrome=146.0.7680.165)
For documentation on this error, please visit: https://www.selenium.dev/documentation/webdriver/troubleshooting/errors#stale-element-reference-exception
Build info: version: '4.27.0', revision: 'd6e718d134'
System info: os.name: 'Windows 10', os.arch: 'amd64', os.version: '10.0', java.version: '23.0.2'
Driver info: org.openqa.selenium.chrome.ChromeDriver
Command: [123952ac0731ebd7d0062d081b5a4479, sendKeysToElement {value=[Ljava.lang.CharSequence;@6136998b, id=f.27B8A6FCFCFC0F5C515C0D6483D56F64.d.9E4ED93476C0311FEE7864B16B82DB32.e.149}]
Capabilities {acceptInsecureCerts: false, browserName: chrome, browserVersion: 146.0.7680.165, chrome: {chromedriverVersion: 146.0.7638.0 (9901d838e058d..., userDataDir: C:\Users\admin\AppData\Loca...}, fedcm:accounts: true, goog:chromeOptions: {debuggerAddress: localhost:54005}, goog:processID: 1456, networkConnectionEnabled: false, pageLoadStrategy: normal, platformName: windows, proxy: Proxy(), se:cdp: ws://localhost:54005/devtoo..., se:cdpVersion: 146.0.7680.165, setWindowRect: true, strictFileInteractability: false, timeouts: {implicit: 0, pageLoad: 300000, script: 30000}, unhandledPromptBehavior: dismiss and notify, webauthn:extension:credBlob: true, webauthn:extension:largeBlob: true, webauthn:extension:minPinLength: true, webauthn:extension:prf: true, webauthn:virtualAuthenticators: true}
Element: [[ChromeDriver: chrome on windows (123952ac0731ebd7d0062d081b5a4479)] -> id: password]
Session ID: 123952ac0731ebd7d0062d081b5a4479
at java.base/jdk.internal.reflect.DirectConstructorHandleAccessor.newInstance(DirectConstructorHandleAccessor.java:62)
at java.base/java.lang.reflect.Constructor.newInstanceWithCaller(Constructor.java:501)
at java.base/java.lang.reflect.Constructor.newInstance(Constructor.java:485)
at org.openqa.selenium.remote.ErrorCodec.decode(ErrorCodec.java:167)
at org.openqa.selenium.remote.codec.w3c.W3CHttpResponseCodec.decode(W3CHttpResponseCodec.java:138)
at org.openqa.selenium.remote.codec.w3c.W3CHttpResponseCodec.decode(W3CHttpResponseCodec.java:50)
at org.openqa.selenium.remote.HttpCommandExecutor.execute(HttpCommandExecutor.java:190)
at org.openqa.selenium.remote.service.DriverCommandExecutor.invokeExecute(DriverCommandExecutor.java:216)
at org.openqa.selenium.remote.service.DriverCommandExecutor.execute(DriverCommandExecutor.java:174)
at org.openqa.selenium.remote.RemoteWebDriver.execute(RemoteWebDriver.java:545)
at org.openqa.selenium.remote.RemoteWebElement.execute(RemoteWebElement.java:223)
at org.openqa.selenium.remote.RemoteWebElement.sendKeys(RemoteWebElement.java:110)
at pageObjects.LoginPage.enterPasswordField(LoginPage.java:52)
at tests.DocumentLibrary.test_TC_DL_34_fillsAllTheFieldsWithHashtag(DocumentLibrary.java:983)
at java.base/jdk.internal.reflect.DirectMethodHandleAccessor.invoke(DirectMethodHandleAccessor.java:103)
at java.base/java.lang.reflect.Method.invoke(Method.java:580)
at org.testng.internal.invokers.MethodInvocationHelper.invokeMethod(MethodInvocationHelper.java:139)
at org.testng.internal.invokers.TestInvoker.invokeMethod(TestInvoker.java:664)
at org.testng.internal.invokers.TestInvoker.invokeTestMethod(TestInvoker.java:228)
at org.testng.internal.invokers.MethodRunner.runInSequence(MethodRunner.java:63)
at org.testng.internal.invokers.TestInvoker$MethodInvocationAgent.invoke(TestInvoker.java:961)
at org.testng.internal.invokers.TestInvoker.invokeTestMethods(TestInvoker.java:201)
at org.testng.internal.invokers.TestMethodWorker.invokeTestMethods(TestMethodWorker.java:148)
at org.testng.internal.invokers.TestMethodWorker.run(TestMethodWorker.java:128)
at java.base/java.util.ArrayList.forEach(ArrayList.java:1597)
at org.testng.TestRunner.privateRun(TestRunner.java:819)
at org.testng.TestRunner.run(TestRunner.java:619)
at org.testng.SuiteRunner.runTest(SuiteRunner.java:443)
at org.testng.SuiteRunner.runSequentially(SuiteRunner.java:437)
at org.testng.SuiteRunner.privateRun(SuiteRunner.java:397)
at org.testng.SuiteRunner.run(SuiteRunner.java:336)
at org.testng.SuiteRunnerWorker.runSuite(SuiteRunnerWorker.java:52)
at org.testng.SuiteRunnerWorker.run(SuiteRunnerWorker.java:95)
at org.testng.TestNG.runSuitesSequentially(TestNG.java:1301)
at org.testng.TestNG.runSuitesLocally(TestNG.java:1228)
at org.testng.TestNG.runSuites(TestNG.java:1134)
at org.testng.TestNG.run(TestNG.java:1101)
at org.testng.remote.AbstractRemoteTestNG.run(AbstractRemoteTestNG.java:115)
at org.testng.remote.RemoteTestNG.initAndRun(RemoteTestNG.java:293)
at org.testng.remote.RemoteTestNG.main(RemoteTestNG.java:91)
]]>
            </full-stacktrace>
          </exception> <!-- org.openqa.selenium.StaleElementReferenceException -->
          <reporter-output>
          </reporter-output>
        </test-method> <!-- test_TC_DL_34_fillsAllTheFieldsWithHashtag -->
        <test-method is-config="true" signature="tearDown()[pri:0, instance:tests.DocumentLibrary@477b4cdf]" started-at="2026-03-28T19:38:07 IST" name="tearDown" finished-at="2026-03-28T19:38:07 IST" duration-ms="378" status="PASS">
          <reporter-output>
          </reporter-output>
        </test-method> <!-- tearDown -->
        <test-method signature="test_TC_DL_08_specialCharacterInNameAndFillingAllMandatoryFields()[pri:19, instance:tests.DocumentLibrary@477b4cdf]" started-at="2026-03-28T19:38:07 IST" name="test_TC_DL_08_specialCharacterInNameAndFillingAllMandatoryFields" finished-at="2026-03-28T19:38:36 IST" duration-ms="28888" status="PASS">
          <reporter-output>
          </reporter-output>
        </test-method> <!-- test_TC_DL_08_specialCharacterInNameAndFillingAllMandatoryFields -->
        <test-method is-config="true" signature="tearDown()[pri:0, instance:tests.DocumentLibrary@477b4cdf]" started-at="2026-03-28T19:38:36 IST" name="tearDown" finished-at="2026-03-28T19:38:36 IST" duration-ms="534" status="PASS">
          <reporter-output>
          </reporter-output>
        </test-method> <!-- tearDown -->
        <test-method signature="test_TC_DL_37_searchFunctionality()[pri:20, instance:tests.DocumentLibrary@477b4cdf]" started-at="2026-03-28T19:38:36 IST" name="test_TC_DL_37_searchFunctionality" finished-at="2026-03-28T19:38:51 IST" duration-ms="14710" status="PASS">
          <reporter-output>
          </reporter-output>
        </test-method> <!-- test_TC_DL_37_searchFunctionality -->
        <test-method is-config="true" signature="tearDown()[pri:0, instance:tests.DocumentLibrary@477b4cdf]" started-at="2026-03-28T19:38:51 IST" name="tearDown" finished-at="2026-03-28T19:38:52 IST" duration-ms="540" status="PASS">
          <reporter-output>
          </reporter-output>
        </test-method> <!-- tearDown -->
        <test-method signature="test_TC_DL_38_clickDeleteWithoutSelectingAnyContent()[pri:21, instance:tests.DocumentLibrary@477b4cdf]" started-at="2026-03-28T19:38:52 IST" name="test_TC_DL_38_clickDeleteWithoutSelectingAnyContent" finished-at="2026-03-28T19:39:07 IST" duration-ms="15073" status="PASS">
          <reporter-output>
          </reporter-output>
        </test-method> <!-- test_TC_DL_38_clickDeleteWithoutSelectingAnyContent -->
        <test-method is-config="true" signature="tearDown()[pri:0, instance:tests.DocumentLibrary@477b4cdf]" started-at="2026-03-28T19:39:07 IST" name="tearDown" finished-at="2026-03-28T19:39:07 IST" duration-ms="431" status="PASS">
          <reporter-output>
          </reporter-output>
        </test-method> <!-- tearDown -->
        <test-method signature="test_TC_DL_39_deleteTheContentAndSearchIt()[pri:22, instance:tests.DocumentLibrary@477b4cdf]" started-at="2026-03-28T19:39:07 IST" name="test_TC_DL_39_deleteTheContentAndSearchIt" finished-at="2026-03-28T19:39:59 IST" duration-ms="52080" status="FAIL">
          <exception class="org.openqa.selenium.TimeoutException">
            <message>
              <![CDATA[Expected condition failed: waiting for visibility of element located by By.xpath: //td[@class='dataTables_empty' and text()='No matching records found'] (tried for 10 second(s) with 500 milliseconds interval)
Build info: version: '4.27.0', revision: 'd6e718d134'
System info: os.name: 'Windows 10', os.arch: 'amd64', os.version: '10.0', java.version: '23.0.2'
Driver info: org.openqa.selenium.chrome.ChromeDriver
Capabilities {acceptInsecureCerts: false, browserName: chrome, browserVersion: 146.0.7680.165, chrome: {chromedriverVersion: 146.0.7638.0 (9901d838e058d..., userDataDir: C:\Users\admin\AppData\Loca...}, fedcm:accounts: true, goog:chromeOptions: {debuggerAddress: localhost:54194}, goog:processID: 14868, networkConnectionEnabled: false, pageLoadStrategy: normal, platformName: windows, proxy: Proxy(), se:cdp: ws://localhost:54194/devtoo..., se:cdpVersion: 146.0.7680.165, setWindowRect: true, strictFileInteractability: false, timeouts: {implicit: 0, pageLoad: 300000, script: 30000}, unhandledPromptBehavior: dismiss and notify, webauthn:extension:credBlob: true, webauthn:extension:largeBlob: true, webauthn:extension:minPinLength: true, webauthn:extension:prf: true, webauthn:virtualAuthenticators: true}
Session ID: 714ecefabdb79e44653694150918a9aa]]>
            </message>
            <full-stacktrace>
              <![CDATA[org.openqa.selenium.TimeoutException: Expected condition failed: waiting for visibility of element located by By.xpath: //td[@class='dataTables_empty' and text()='No matching records found'] (tried for 10 second(s) with 500 milliseconds interval)
Build info: version: '4.27.0', revision: 'd6e718d134'
System info: os.name: 'Windows 10', os.arch: 'amd64', os.version: '10.0', java.version: '23.0.2'
Driver info: org.openqa.selenium.chrome.ChromeDriver
Capabilities {acceptInsecureCerts: false, browserName: chrome, browserVersion: 146.0.7680.165, chrome: {chromedriverVersion: 146.0.7638.0 (9901d838e058d..., userDataDir: C:\Users\admin\AppData\Loca...}, fedcm:accounts: true, goog:chromeOptions: {debuggerAddress: localhost:54194}, goog:processID: 14868, networkConnectionEnabled: false, pageLoadStrategy: normal, platformName: windows, proxy: Proxy(), se:cdp: ws://localhost:54194/devtoo..., se:cdpVersion: 146.0.7680.165, setWindowRect: true, strictFileInteractability: false, timeouts: {implicit: 0, pageLoad: 300000, script: 30000}, unhandledPromptBehavior: dismiss and notify, webauthn:extension:credBlob: true, webauthn:extension:largeBlob: true, webauthn:extension:minPinLength: true, webauthn:extension:prf: true, webauthn:virtualAuthenticators: true}
Session ID: 714ecefabdb79e44653694150918a9aa
at org.openqa.selenium.support.ui.WebDriverWait.timeoutException(WebDriverWait.java:84)
at org.openqa.selenium.support.ui.FluentWait.until(FluentWait.java:228)
at pageObjects.DocumentLibraryPage.noRecordsElementMethod(DocumentLibraryPage.java:553)
at tests.DocumentLibrary.test_TC_DL_39_deleteTheContentAndSearchIt(DocumentLibrary.java:1215)
at java.base/jdk.internal.reflect.DirectMethodHandleAccessor.invoke(DirectMethodHandleAccessor.java:103)
at java.base/java.lang.reflect.Method.invoke(Method.java:580)
at org.testng.internal.invokers.MethodInvocationHelper.invokeMethod(MethodInvocationHelper.java:139)
at org.testng.internal.invokers.TestInvoker.invokeMethod(TestInvoker.java:664)
at org.testng.internal.invokers.TestInvoker.invokeTestMethod(TestInvoker.java:228)
at org.testng.internal.invokers.MethodRunner.runInSequence(MethodRunner.java:63)
at org.testng.internal.invokers.TestInvoker$MethodInvocationAgent.invoke(TestInvoker.java:961)
at org.testng.internal.invokers.TestInvoker.invokeTestMethods(TestInvoker.java:201)
at org.testng.internal.invokers.TestMethodWorker.invokeTestMethods(TestMethodWorker.java:148)
at org.testng.internal.invokers.TestMethodWorker.run(TestMethodWorker.java:128)
at java.base/java.util.ArrayList.forEach(ArrayList.java:1597)
at org.testng.TestRunner.privateRun(TestRunner.java:819)
at org.testng.TestRunner.run(TestRunner.java:619)
at org.testng.SuiteRunner.runTest(SuiteRunner.java:443)
at org.testng.SuiteRunner.runSequentially(SuiteRunner.java:437)
at org.testng.SuiteRunner.privateRun(SuiteRunner.java:397)
at org.testng.SuiteRunner.run(SuiteRunner.java:336)
at org.testng.SuiteRunnerWorker.runSuite(SuiteRunnerWorker.java:52)
at org.testng.SuiteRunnerWorker.run(SuiteRunnerWorker.java:95)
at org.testng.TestNG.runSuitesSequentially(TestNG.java:1301)
at org.testng.TestNG.runSuitesLocally(TestNG.java:1228)
at org.testng.TestNG.runSuites(TestNG.java:1134)
at org.testng.TestNG.run(TestNG.java:1101)
at org.testng.remote.AbstractRemoteTestNG.run(AbstractRemoteTestNG.java:115)
at org.testng.remote.RemoteTestNG.initAndRun(RemoteTestNG.java:293)
at org.testng.remote.RemoteTestNG.main(RemoteTestNG.java:91)
]]>
            </full-stacktrace>
          </exception> <!-- org.openqa.selenium.TimeoutException -->
          <reporter-output>
          </reporter-output>
        </test-method> <!-- test_TC_DL_39_deleteTheContentAndSearchIt -->
        <test-method is-config="true" signature="tearDown()[pri:0, instance:tests.DocumentLibrary@477b4cdf]" started-at="2026-03-28T19:39:59 IST" name="tearDown" finished-at="2026-03-28T19:40:00 IST" duration-ms="507" status="PASS">
          <reporter-output>
          </reporter-output>
        </test-method> <!-- tearDown -->
        <test-method signature="test_TC_DL_40_updatingTheAccessOfTheContent()[pri:23, instance:tests.DocumentLibrary@477b4cdf]" started-at="2026-03-28T19:40:00 IST" name="test_TC_DL_40_updatingTheAccessOfTheContent" finished-at="2026-03-28T19:40:00 IST" depends-on-methods="tests.DocumentLibrary.test_TC_DL_34_fillsAllTheFieldsWithHashtag" duration-ms="0" status="SKIP">
          <exception class="java.lang.Throwable">
            <message>
              <![CDATA[Method tests.DocumentLibrary.test_TC_DL_40_updatingTheAccessOfTheContent() on instance tests.DocumentLibrary@477b4cdf depends on not successfully finished methods 
[tests.DocumentLibrary.test_TC_DL_34_fillsAllTheFieldsWithHashtag() on instance tests.DocumentLibrary@477b4cdf]]]>
            </message>
            <full-stacktrace>
              <![CDATA[java.lang.Throwable: Method tests.DocumentLibrary.test_TC_DL_40_updatingTheAccessOfTheContent() on instance tests.DocumentLibrary@477b4cdf depends on not successfully finished methods 
[tests.DocumentLibrary.test_TC_DL_34_fillsAllTheFieldsWithHashtag() on instance tests.DocumentLibrary@477b4cdf]
at org.testng.internal.invokers.TestInvoker.invokeTestMethods(TestInvoker.java:157)
at org.testng.internal.invokers.TestMethodWorker.invokeTestMethods(TestMethodWorker.java:148)
at org.testng.internal.invokers.TestMethodWorker.run(TestMethodWorker.java:128)
at java.base/java.util.ArrayList.forEach(ArrayList.java:1597)
at org.testng.TestRunner.privateRun(TestRunner.java:819)
at org.testng.TestRunner.run(TestRunner.java:619)
at org.testng.SuiteRunner.runTest(SuiteRunner.java:443)
at org.testng.SuiteRunner.runSequentially(SuiteRunner.java:437)
at org.testng.SuiteRunner.privateRun(SuiteRunner.java:397)
at org.testng.SuiteRunner.run(SuiteRunner.java:336)
at org.testng.SuiteRunnerWorker.runSuite(SuiteRunnerWorker.java:52)
at org.testng.SuiteRunnerWorker.run(SuiteRunnerWorker.java:95)
at org.testng.TestNG.runSuitesSequentially(TestNG.java:1301)
at org.testng.TestNG.runSuitesLocally(TestNG.java:1228)
at org.testng.TestNG.runSuites(TestNG.java:1134)
at org.testng.TestNG.run(TestNG.java:1101)
at org.testng.remote.AbstractRemoteTestNG.run(AbstractRemoteTestNG.java:115)
at org.testng.remote.RemoteTestNG.initAndRun(RemoteTestNG.java:293)
at org.testng.remote.RemoteTestNG.main(RemoteTestNG.java:91)
]]>
            </full-stacktrace>
          </exception> <!-- java.lang.Throwable -->
          <reporter-output>
          </reporter-output>
        </test-method> <!-- test_TC_DL_40_updatingTheAccessOfTheContent -->
      </class> <!-- tests.DocumentLibrary -->
    </test> <!-- Default test -->
  </suite> <!-- Default suite -->
</testng-results>
