<?xml version="1.0" encoding="UTF-8"?>
<testng-results ignored="0" total="1" passed="1" failed="0" skipped="0">
  <reporter-output>
  </reporter-output>
  <suite started-at="2025-07-27T11:35:12 IST" name="Default suite" finished-at="2025-07-27T11:36:19 IST" duration-ms="67469">
    <groups>
    </groups>
    <test started-at="2025-07-27T11:35:12 IST" name="Default test" finished-at="2025-07-27T11:36:19 IST" duration-ms="67469">
      <class name="tests.Search">
        <test-method signature="test_TC_SA_27_verifyDraftAndPublishedWithBookmarkedQuickFilter()[pri:27, instance:tests.Search@6743e411]" started-at="2025-07-27T11:35:12 IST" name="test_TC_SA_27_verifyDraftAndPublishedWithBookmarkedQuickFilter" finished-at="2025-07-27T11:36:18 IST" duration-ms="66758" status="PASS">
          <reporter-output>
          </reporter-output>
        </test-method> <!-- test_TC_SA_27_verifyDraftAndPublishedWithBookmarkedQuickFilter -->
        <test-method is-config="true" signature="tearDown()[pri:0, instance:tests.Search@6743e411]" started-at="2025-07-27T11:36:18 IST" name="tearDown" finished-at="2025-07-27T11:36:19 IST" duration-ms="597" status="PASS">
          <reporter-output>
          </reporter-output>
        </test-method> <!-- tearDown -->
      </class> <!-- tests.Search -->
    </test> <!-- Default test -->
  </suite> <!-- Default suite -->
</testng-results>
