<?xml version="1.0" encoding="UTF-8"?>
<testng-results ignored="0" total="1" passed="1" failed="0" skipped="0">
  <reporter-output>
  </reporter-output>
  <suite started-at="2025-10-23T14:04:20 IST" name="Default suite" finished-at="2025-10-23T14:05:03 IST" duration-ms="42574">
    <groups>
    </groups>
    <test started-at="2025-10-23T14:04:20 IST" name="Default test" finished-at="2025-10-23T14:05:03 IST" duration-ms="42574">
      <class name="tests.Search">
        <test-method signature="test_TC_SA_31_verifyDraftAndPublishedWithEmailQuickFilter()[pri:31, instance:tests.Search@7dcf94f8]" started-at="2025-10-23T14:04:20 IST" name="test_TC_SA_31_verifyDraftAndPublishedWithEmailQuickFilter" finished-at="2025-10-23T14:05:02 IST" duration-ms="41958" status="PASS">
          <reporter-output>
          </reporter-output>
        </test-method> <!-- test_TC_SA_31_verifyDraftAndPublishedWithEmailQuickFilter -->
        <test-method is-config="true" signature="tearDown()[pri:0, instance:tests.Search@7dcf94f8]" started-at="2025-10-23T14:05:02 IST" name="tearDown" finished-at="2025-10-23T14:05:03 IST" duration-ms="529" status="PASS">
          <reporter-output>
          </reporter-output>
        </test-method> <!-- tearDown -->
      </class> <!-- tests.Search -->
    </test> <!-- Default test -->
  </suite> <!-- Default suite -->
</testng-results>
