<?xml version="1.0" encoding="UTF-8"?>
<testng-results ignored="0" total="1" passed="1" failed="0" skipped="0">
  <reporter-output>
  </reporter-output>
  <suite started-at="2025-04-25T18:52:38 IST" name="Default suite" finished-at="2025-04-25T18:53:19 IST" duration-ms="40818">
    <groups>
    </groups>
    <test started-at="2025-04-25T18:52:38 IST" name="Default test" finished-at="2025-04-25T18:53:19 IST" duration-ms="40818">
      <class name="tests.PushNotification">
        <test-method signature="test_TC_PN_016_verifyTheSearchTextfield()[pri:11, instance:tests.PushNotification@dd05255]" started-at="2025-04-25T18:52:38 IST" name="test_TC_PN_016_verifyTheSearchTextfield" finished-at="2025-04-25T18:53:18 IST" duration-ms="39669" status="PASS">
          <reporter-output>
          </reporter-output>
        </test-method> <!-- test_TC_PN_016_verifyTheSearchTextfield -->
        <test-method is-config="true" signature="tearDown()[pri:0, instance:tests.PushNotification@dd05255]" started-at="2025-04-25T18:53:18 IST" name="tearDown" finished-at="2025-04-25T18:53:19 IST" duration-ms="1042" status="PASS">
          <reporter-output>
          </reporter-output>
        </test-method> <!-- tearDown -->
      </class> <!-- tests.PushNotification -->
    </test> <!-- Default test -->
  </suite> <!-- Default suite -->
</testng-results>
