<?xml version="1.0" encoding="UTF-8"?>
<testng-results ignored="0" total="1" passed="1" failed="0" skipped="0">
  <reporter-output>
  </reporter-output>
  <suite started-at="2026-04-04T19:29:38 IST" name="Default suite" finished-at="2026-04-04T19:30:24 IST" duration-ms="46264">
    <groups>
    </groups>
    <test started-at="2026-04-04T19:29:38 IST" name="Default test" finished-at="2026-04-04T19:30:24 IST" duration-ms="46264">
      <class name="tests.SocialAutoPostTest">
        <test-method signature="test_TC_PN_05_whenPostedOnAllSocialMediaWithCustomUrl()[pri:5, instance:tests.SocialAutoPostTest@40005471]" started-at="2026-04-04T19:29:38 IST" name="test_TC_PN_05_whenPostedOnAllSocialMediaWithCustomUrl" finished-at="2026-04-04T19:30:23 IST" duration-ms="45515" status="PASS">
          <reporter-output>
          </reporter-output>
        </test-method> <!-- test_TC_PN_05_whenPostedOnAllSocialMediaWithCustomUrl -->
        <test-method is-config="true" signature="tearDown()[pri:0, instance:tests.SocialAutoPostTest@40005471]" started-at="2026-04-04T19:30:23 IST" name="tearDown" finished-at="2026-04-04T19:30:24 IST" duration-ms="646" status="PASS">
          <reporter-output>
          </reporter-output>
        </test-method> <!-- tearDown -->
      </class> <!-- tests.SocialAutoPostTest -->
    </test> <!-- Default test -->
  </suite> <!-- Default suite -->
</testng-results>
