<?xml version="1.0" encoding="UTF-8"?>
<testng-results ignored="0" total="1" passed="1" failed="0" skipped="0">
  <reporter-output>
  </reporter-output>
  <suite started-at="2026-01-18T15:36:39 IST" name="Default suite" finished-at="2026-01-18T15:37:50 IST" duration-ms="70427">
    <groups>
    </groups>
    <test started-at="2026-01-18T15:36:39 IST" name="Default test" finished-at="2026-01-18T15:37:50 IST" duration-ms="70427">
      <class name="tests.VideoCreationTest">
        <test-method signature="test_TC_DL_01_videoCreationThroughAssetLibrary()[pri:1, instance:tests.VideoCreationTest@6a6cb05c]" started-at="2026-01-18T15:36:39 IST" name="test_TC_DL_01_videoCreationThroughAssetLibrary" finished-at="2026-01-18T15:37:49 IST" duration-ms="69675" status="PASS">
          <reporter-output>
          </reporter-output>
        </test-method> <!-- test_TC_DL_01_videoCreationThroughAssetLibrary -->
        <test-method is-config="true" signature="tearDown()[pri:0, instance:tests.VideoCreationTest@6a6cb05c]" started-at="2026-01-18T15:37:49 IST" name="tearDown" finished-at="2026-01-18T15:37:50 IST" duration-ms="638" status="PASS">
          <reporter-output>
          </reporter-output>
        </test-method> <!-- tearDown -->
      </class> <!-- tests.VideoCreationTest -->
    </test> <!-- Default test -->
  </suite> <!-- Default suite -->
</testng-results>
