<?xml version="1.0" encoding="UTF-8"?>
<testng-results ignored="0" total="2" passed="2" failed="0" skipped="0">
  <reporter-output>
  </reporter-output>
  <suite started-at="2025-03-14T22:59:48 IST" name="Suite" finished-at="2025-03-14T23:00:20 IST" duration-ms="32560">
    <groups>
    </groups>
    <test started-at="2025-03-14T22:59:48 IST" name="Test" finished-at="2025-03-14T23:00:20 IST" duration-ms="32560">
      <class name="tests.Login">
        <test-method is-config="true" signature="setUp()[pri:0, instance:tests.Login@55fe41ea]" started-at="2025-03-14T22:59:48 IST" name="setUp" finished-at="2025-03-14T22:59:57 IST" duration-ms="8787" status="PASS">
          <reporter-output>
          </reporter-output>
        </test-method> <!-- setUp -->
        <test-method signature="loginWithValidCredentials()[pri:1, instance:tests.Login@55fe41ea]" started-at="2025-03-14T23:00:19 IST" name="loginWithValidCredentials" finished-at="2025-03-14T23:00:20 IST" duration-ms="636" status="PASS">
          <reporter-output>
          </reporter-output>
        </test-method> <!-- loginWithValidCredentials -->
        <test-method is-config="true" signature="tearDown()[pri:0, instance:tests.Login@55fe41ea]" started-at="2025-03-14T23:00:20 IST" name="tearDown" finished-at="2025-03-14T23:00:20 IST" duration-ms="445" status="PASS">
          <reporter-output>
          </reporter-output>
        </test-method> <!-- tearDown -->
      </class> <!-- tests.Login -->
      <class name="tests.PushNotification">
        <test-method signature="test_TC_PN_001_takenToPushNotificationsScreen()[pri:1, instance:tests.PushNotification@327514f]" started-at="2025-03-14T22:59:57 IST" name="test_TC_PN_001_takenToPushNotificationsScreen" finished-at="2025-03-14T23:00:19 IST" duration-ms="21392" status="PASS">
          <reporter-output>
          </reporter-output>
        </test-method> <!-- test_TC_PN_001_takenToPushNotificationsScreen -->
        <test-method is-config="true" signature="tearDown()[pri:0, instance:tests.PushNotification@327514f]" started-at="2025-03-14T23:00:19 IST" name="tearDown" finished-at="2025-03-14T23:00:19 IST" duration-ms="582" status="PASS">
          <reporter-output>
          </reporter-output>
        </test-method> <!-- tearDown -->
      </class> <!-- tests.PushNotification -->
    </test> <!-- Test -->
  </suite> <!-- Suite -->
</testng-results>
