<?xml version="1.0" encoding="UTF-8"?>
<testng-results ignored="0" total="1" passed="1" failed="0" skipped="0">
  <reporter-output>
  </reporter-output>
  <suite started-at="2026-02-15T17:25:31 IST" name="Default suite" finished-at="2026-02-15T17:26:16 IST" duration-ms="45123">
    <groups>
    </groups>
    <test started-at="2026-02-15T17:25:31 IST" name="Default test" finished-at="2026-02-15T17:26:16 IST" duration-ms="45123">
      <class name="tests.PushNotification">
        <test-method signature="test_TC_PN_019_fillsAllTheFieldsExceptCustomLinkField()[pri:6, instance:tests.PushNotification@1fa121e2]" started-at="2026-02-15T17:25:31 IST" name="test_TC_PN_019_fillsAllTheFieldsExceptCustomLinkField" finished-at="2026-02-15T17:26:15 IST" duration-ms="44186" status="PASS">
          <reporter-output>
          </reporter-output>
        </test-method> <!-- test_TC_PN_019_fillsAllTheFieldsExceptCustomLinkField -->
        <test-method is-config="true" signature="tearDown()[pri:0, instance:tests.PushNotification@1fa121e2]" started-at="2026-02-15T17:26:15 IST" name="tearDown" finished-at="2026-02-15T17:26:16 IST" duration-ms="802" status="PASS">
          <reporter-output>
          </reporter-output>
        </test-method> <!-- tearDown -->
      </class> <!-- tests.PushNotification -->
    </test> <!-- Default test -->
  </suite> <!-- Default suite -->
</testng-results>
