<?xml version="1.0" encoding="UTF-8"?>
<testng-results ignored="0" total="2" passed="2" failed="0" skipped="0">
  <reporter-output>
  </reporter-output>
  <suite started-at="2026-01-18T17:51:33 IST" name="Default suite" finished-at="2026-01-18T17:52:17 IST" duration-ms="44197">
    <groups>
    </groups>
    <test started-at="2026-01-18T17:51:33 IST" name="Default test" finished-at="2026-01-18T17:52:17 IST" duration-ms="44197">
      <class name="tests.DocumentLibrary">
        <test-method is-config="true" signature="setUp()[pri:0, instance:tests.DocumentLibrary@7c6908d7]" started-at="2026-01-18T17:51:33 IST" name="setUp" finished-at="2026-01-18T17:51:49 IST" duration-ms="16244" status="PASS">
          <reporter-output>
          </reporter-output>
        </test-method> <!-- setUp -->
        <test-method signature="test_TC_DL_01_takenToDocumentLibraryScreen()[pri:1, instance:tests.DocumentLibrary@7c6908d7]" started-at="2026-01-18T17:51:49 IST" name="test_TC_DL_01_takenToDocumentLibraryScreen" finished-at="2026-01-18T17:52:04 IST" duration-ms="14768" status="PASS">
          <reporter-output>
          </reporter-output>
        </test-method> <!-- test_TC_DL_01_takenToDocumentLibraryScreen -->
        <test-method signature="test_TC_DL_03_actionsMenuButton()[pri:2, instance:tests.DocumentLibrary@7c6908d7]" started-at="2026-01-18T17:52:04 IST" name="test_TC_DL_03_actionsMenuButton" finished-at="2026-01-18T17:52:05 IST" duration-ms="552" status="PASS">
          <reporter-output>
          </reporter-output>
        </test-method> <!-- test_TC_DL_03_actionsMenuButton -->
        <test-method is-config="true" signature="tearDown()[pri:0, instance:tests.DocumentLibrary@7c6908d7]" started-at="2026-01-18T17:52:05 IST" name="tearDown" finished-at="2026-01-18T17:52:17 IST" duration-ms="12541" status="PASS">
          <reporter-output>
          </reporter-output>
        </test-method> <!-- tearDown -->
      </class> <!-- tests.DocumentLibrary -->
    </test> <!-- Default test -->
  </suite> <!-- Default suite -->
</testng-results>
