<?xml version="1.0" encoding="UTF-8"?>
<testng-results ignored="0" total="1" passed="1" failed="0" skipped="0">
  <reporter-output>
  </reporter-output>
  <suite started-at="2025-04-27T10:48:19 IST" name="Default suite" finished-at="2025-04-27T10:49:15 IST" duration-ms="55232">
    <groups>
    </groups>
    <test started-at="2025-04-27T10:48:19 IST" name="Default test" finished-at="2025-04-27T10:49:15 IST" duration-ms="55232">
      <class name="tests.DocumentLibrary">
        <test-method signature="test_TC_DL_22_3_UploadingDocumentInXlsxFormat()[pri:10, instance:tests.DocumentLibrary@7e6f74c]" started-at="2025-04-27T10:48:20 IST" name="test_TC_DL_22_3_UploadingDocumentInXlsxFormat" finished-at="2025-04-27T10:49:14 IST" duration-ms="54519" status="PASS">
          <reporter-output>
          </reporter-output>
        </test-method> <!-- test_TC_DL_22_3_UploadingDocumentInXlsxFormat -->
        <test-method is-config="true" signature="tearDown()[pri:0, instance:tests.DocumentLibrary@7e6f74c]" started-at="2025-04-27T10:49:14 IST" name="tearDown" finished-at="2025-04-27T10:49:15 IST" duration-ms="607" status="PASS">
          <reporter-output>
          </reporter-output>
        </test-method> <!-- tearDown -->
      </class> <!-- tests.DocumentLibrary -->
    </test> <!-- Default test -->
  </suite> <!-- Default suite -->
</testng-results>
