<?xml version="1.0" encoding="UTF-8"?>
<testng-results ignored="0" total="1" passed="1" failed="0" skipped="0">
  <reporter-output>
  </reporter-output>
  <suite started-at="2026-02-15T18:38:28 IST" name="Default suite" finished-at="2026-02-15T18:39:50 IST" duration-ms="82158">
    <groups>
    </groups>
    <test started-at="2026-02-15T18:38:28 IST" name="Default test" finished-at="2026-02-15T18:39:50 IST" duration-ms="82158">
      <class name="tests.VideoCreationTest">
        <test-method signature="test_TC_DL_01_videoCreationThroughAssetLibrary()[pri:1, instance:tests.VideoCreationTest@31190526]" started-at="2026-02-15T18:38:28 IST" name="test_TC_DL_01_videoCreationThroughAssetLibrary" finished-at="2026-02-15T18:39:50 IST" duration-ms="81448" status="PASS">
          <reporter-output>
          </reporter-output>
        </test-method> <!-- test_TC_DL_01_videoCreationThroughAssetLibrary -->
        <test-method is-config="true" signature="tearDown()[pri:0, instance:tests.VideoCreationTest@31190526]" started-at="2026-02-15T18:39:50 IST" name="tearDown" finished-at="2026-02-15T18:39:50 IST" duration-ms="622" status="PASS">
          <reporter-output>
          </reporter-output>
        </test-method> <!-- tearDown -->
      </class> <!-- tests.VideoCreationTest -->
    </test> <!-- Default test -->
  </suite> <!-- Default suite -->
</testng-results>
