<?xml version="1.0" encoding="UTF-8"?>
<testng-results ignored="0" total="1" passed="1" failed="0" skipped="0">
  <reporter-output>
  </reporter-output>
  <suite started-at="2025-04-21T19:27:25 IST" name="Default suite" finished-at="2025-04-21T19:27:56 IST" duration-ms="30625">
    <groups>
    </groups>
    <test started-at="2025-04-21T19:27:25 IST" name="Default test" finished-at="2025-04-21T19:27:56 IST" duration-ms="30625">
      <class name="tests.PushNotification">
        <test-method signature="test_TC_PN_013_sendTOOptionsSelection()[pri:9, instance:tests.PushNotification@815b41f]" started-at="2025-04-21T19:27:26 IST" name="test_TC_PN_013_sendTOOptionsSelection" finished-at="2025-04-21T19:27:56 IST" duration-ms="29995" status="PASS">
          <reporter-output>
          </reporter-output>
        </test-method> <!-- test_TC_PN_013_sendTOOptionsSelection -->
        <test-method is-config="true" signature="tearDown()[pri:0, instance:tests.PushNotification@815b41f]" started-at="2025-04-21T19:27:56 IST" name="tearDown" finished-at="2025-04-21T19:27:56 IST" duration-ms="528" status="PASS">
          <reporter-output>
          </reporter-output>
        </test-method> <!-- tearDown -->
      </class> <!-- tests.PushNotification -->
    </test> <!-- Default test -->
  </suite> <!-- Default suite -->
</testng-results>
