<?xml version="1.0" encoding="UTF-8"?>
<testng-results ignored="0" total="1" passed="1" failed="0" skipped="0">
  <reporter-output>
  </reporter-output>
  <suite started-at="2025-08-23T20:46:25 IST" name="Default suite" finished-at="2025-08-23T20:47:50 IST" duration-ms="85492">
    <groups>
    </groups>
    <test started-at="2025-08-23T20:46:25 IST" name="Default test" finished-at="2025-08-23T20:47:50 IST" duration-ms="85492">
      <class name="tests.SocialAutoPostTest">
        <test-method signature="test_TC_PN_01_whenPostedWithPngImageWithCobranding()[pri:1, instance:tests.SocialAutoPostTest@2d1ef81a]" started-at="2025-08-23T20:46:25 IST" name="test_TC_PN_01_whenPostedWithPngImageWithCobranding" finished-at="2025-08-23T20:47:50 IST" duration-ms="84662" status="PASS">
          <reporter-output>
          </reporter-output>
        </test-method> <!-- test_TC_PN_01_whenPostedWithPngImageWithCobranding -->
        <test-method is-config="true" signature="tearDown()[pri:0, instance:tests.SocialAutoPostTest@2d1ef81a]" started-at="2025-08-23T20:47:50 IST" name="tearDown" finished-at="2025-08-23T20:47:50 IST" duration-ms="732" status="PASS">
          <reporter-output>
          </reporter-output>
        </test-method> <!-- tearDown -->
      </class> <!-- tests.SocialAutoPostTest -->
    </test> <!-- Default test -->
  </suite> <!-- Default suite -->
</testng-results>
