<?xml version="1.0" encoding="UTF-8"?>
<testng-results ignored="0" total="1" passed="1" failed="0" skipped="0">
  <reporter-output>
  </reporter-output>
  <suite started-at="2025-04-19T11:52:57 IST" name="Default suite" finished-at="2025-04-19T11:53:35 IST" duration-ms="37969">
    <groups>
    </groups>
    <test started-at="2025-04-19T11:52:57 IST" name="Default test" finished-at="2025-04-19T11:53:35 IST" duration-ms="37969">
      <class name="tests.PushNotification">
        <test-method signature="test_TC_PN_07_fillsAllTheFieldsExceptNotificationName()[pri:3, instance:tests.PushNotification@327514f]" started-at="2025-04-19T11:52:58 IST" name="test_TC_PN_07_fillsAllTheFieldsExceptNotificationName" finished-at="2025-04-19T11:53:35 IST" duration-ms="37327" status="PASS">
          <reporter-output>
          </reporter-output>
        </test-method> <!-- test_TC_PN_07_fillsAllTheFieldsExceptNotificationName -->
        <test-method is-config="true" signature="tearDown()[pri:0, instance:tests.PushNotification@327514f]" started-at="2025-04-19T11:53:35 IST" name="tearDown" finished-at="2025-04-19T11:53:35 IST" duration-ms="538" status="PASS">
          <reporter-output>
          </reporter-output>
        </test-method> <!-- tearDown -->
      </class> <!-- tests.PushNotification -->
    </test> <!-- Default test -->
  </suite> <!-- Default suite -->
</testng-results>
