<?xml version="1.0" encoding="UTF-8"?>
<!-- Generated by org.testng.reporters.JUnitReportReporter -->
<testsuite hostname="DESKTOP-LRPJ512" failures="0" tests="3" name="tests.DocumentLibrary" time="89.643" errors="0" timestamp="2026-01-25T14:02:03 IST" skipped="0">
  <testcase classname="tests.DocumentLibrary" name="test_TC_DL_01_takenToDocumentLibraryScreen" time="28.150"/>
  <testcase classname="tests.DocumentLibrary" name="test_TC_DL_03_actionsMenuButton" time="29.772"/>
  <testcase classname="tests.DocumentLibrary" name="test_TC_DL_04_uploadDocumentScreen" time="31.721"/>
</testsuite> <!-- tests.DocumentLibrary -->
